#
# There is insufficient memory for the Java Runtime Environment to continue.
# Native memory allocation (malloc) failed to allocate 529296 bytes for Chunk::new
# Possible reasons:
#   The system is out of physical RAM or swap space
#   The process is running with CompressedOops enabled, and the Java Heap may be blocking the growth of the native heap
# Possible solutions:
#   Reduce memory load on the system
#   Increase physical memory or swap space
#   Check if swap backing store is full
#   Decrease Java heap size (-Xmx/-Xms)
#   Decrease number of Java threads
#   Decrease Java thread stack sizes (-Xss)
#   Set larger code cache with -XX:ReservedCodeCacheSize=
#   JVM is running with Unscaled Compressed Oops mode in which the Java heap is
#     placed in the first 4GB address space. The Java Heap base address is the
#     maximum limit for the native heap growth. Please use -XX:HeapBaseMinAddress
#     to set the Java Heap base and to place the Java Heap above 4GB virtual address.
# This output file may be truncated or incomplete.
#
#  Out of Memory Error (c:/BuildAgent/work/5ff2f6c26000d570/src/hotspot/share/memory/arena.cpp:197), pid=6956, tid=11884
#
# JRE version: OpenJDK Runtime Environment (11.0.5+10) (build 11.0.5+10-b520.38)
# Java VM: OpenJDK 64-Bit Server VM (11.0.5+10-b520.38, mixed mode, tiered, compressed oops, g1 gc, windows-amd64)
# No core dump will be written. Minidumps are not enabled by default on client versions of Windows
#

---------------  S U M M A R Y ------------

Command Line: -javaagent:C:\Program Files\JetBrains\IntelliJ IDEA Community Edition 2019.2.2\lib\idea_rt.jar=56195:C:\Program Files\JetBrains\IntelliJ IDEA Community Edition 2019.2.2\bin -Dfile.encoding=UTF-8 MainKt

Host: Intel(R) Core(TM) i7-8550U CPU @ 1.80GHz, 8 cores, 7G,  Windows 10 , 64 bit Build 18362 (10.0.18362.329)
Time: Thu Mar  5 20:06:38 2020 RTZ 2 (ceia) elapsed time: 0 seconds (0d 0h 0m 0s)

---------------  T H R E A D  ---------------

Current thread (0x000002615014e800):  JavaThread "C2 CompilerThread1" daemon [_thread_in_native, id=11884, stack(0x000000fd3ab00000,0x000000fd3ac00000)]


Current CompileTask:
C2:    494  737       4       java.lang.invoke.MethodType::makeImpl (108 bytes)

Stack: [0x000000fd3ab00000,0x000000fd3ac00000]
Native frames: (J=compiled Java code, j=interpreted, Vv=VM code, C=native code)
V  [jvm.dll+0x5dcafa]
V  [jvm.dll+0x70e375]
V  [jvm.dll+0x70f898]
V  [jvm.dll+0x70ff63]
V  [jvm.dll+0x23e238]
V  [jvm.dll+0xb8a9c]
V  [jvm.dll+0xb8fac]
V  [jvm.dll+0x34fc9d]
V  [jvm.dll+0x31d9d3]
V  [jvm.dll+0x31cf6a]
V  [jvm.dll+0x1f78c2]
V  [jvm.dll+0x1f6a94]
V  [jvm.dll+0x17f6fc]
V  [jvm.dll+0x204f77]
V  [jvm.dll+0x2037f1]
V  [jvm.dll+0x6d835f]
V  [jvm.dll+0x6d114d]
V  [jvm.dll+0x5dbdd6]
C  [ucrtbase.dll+0x20e72]
C  [KERNEL32.DLL+0x17bd4]
C  [ntdll.dll+0x6ced1]


---------------  P R O C E S S  ---------------

Threads class SMR info:
_java_thread_list=0x000002614fcb9250, length=16, elements={
0x000002614fa81800, 0x000002614fa8e800, 0x000002614fad8000, 0x000002614fada000,
0x000002614fadb000, 0x000002614fadf000, 0x000002614f26a800, 0x000002614faec000,
0x000002614fe49800, 0x000002614fe45800, 0x000002615014e800, 0x0000026150144800,
0x0000026150145800, 0x000002615014b000, 0x00000261501ae800, 0x000002613488d800
}

Java Threads: ( => current thread )
  0x000002614fa81800 JavaThread "Reference Handler" daemon [_thread_blocked, id=14844, stack(0x000000fd3a000000,0x000000fd3a100000)]
  0x000002614fa8e800 JavaThread "Finalizer" daemon [_thread_blocked, id=14756, stack(0x000000fd3a100000,0x000000fd3a200000)]
  0x000002614fad8000 JavaThread "Signal Dispatcher" daemon [_thread_blocked, id=620, stack(0x000000fd3a200000,0x000000fd3a300000)]
  0x000002614fada000 JavaThread "Attach Listener" daemon [_thread_blocked, id=1444, stack(0x000000fd3a300000,0x000000fd3a400000)]
  0x000002614fadb000 JavaThread "C2 CompilerThread0" daemon [_thread_in_native, id=14420, stack(0x000000fd3a400000,0x000000fd3a500000)]
  0x000002614fadf000 JavaThread "C1 CompilerThread0" daemon [_thread_in_native, id=8376, stack(0x000000fd3a500000,0x000000fd3a600000)]
  0x000002614f26a800 JavaThread "Sweeper thread" daemon [_thread_blocked, id=9952, stack(0x000000fd3a600000,0x000000fd3a700000)]
  0x000002614faec000 JavaThread "Common-Cleaner" daemon [_thread_blocked, id=16364, stack(0x000000fd3a700000,0x000000fd3a800000)]
  0x000002614fe49800 JavaThread "Monitor Ctrl-Break" daemon [_thread_in_native, id=14856, stack(0x000000fd3a800000,0x000000fd3a900000)]
  0x000002614fe45800 JavaThread "Service Thread" daemon [_thread_blocked, id=12772, stack(0x000000fd3a900000,0x000000fd3aa00000)]
=>0x000002615014e800 JavaThread "C2 CompilerThread1" daemon [_thread_in_native, id=11884, stack(0x000000fd3ab00000,0x000000fd3ac00000)]
  0x0000026150144800 JavaThread "Java2D Disposer" daemon [_thread_blocked, id=9488, stack(0x000000fd3ac00000,0x000000fd3ad00000)]
  0x0000026150145800 JavaThread "AWT-Shutdown" [_thread_blocked, id=7444, stack(0x000000fd3ad00000,0x000000fd3ae00000)]
  0x000002615014b000 JavaThread "AWT-Windows" daemon [_thread_in_native, id=11532, stack(0x000000fd3ae00000,0x000000fd3af00000)]
  0x00000261501ae800 JavaThread "AWT-EventQueue-0" [_thread_in_native, id=2880, stack(0x000000fd3af00000,0x000000fd3b000000)]
  0x000002613488d800 JavaThread "DestroyJavaVM" [_thread_blocked, id=9600, stack(0x000000fd39900000,0x000000fd39a00000)]

Other Threads:
  0x000002614f23a000 VMThread "VM Thread" [stack: 0x000000fd39f00000,0x000000fd3a000000] [id=15744]
  0x000002614fe62000 WatcherThread [stack: 0x000000fd3aa00000,0x000000fd3ab00000] [id=14616]
  0x00000261348a6000 GCTaskThread "GC Thread#0" [stack: 0x000000fd39a00000,0x000000fd39b00000] [id=9232]
  0x00000261348d6000 ConcurrentGCThread "G1 Main Marker" [stack: 0x000000fd39b00000,0x000000fd39c00000] [id=17180]
  0x00000261348d7000 ConcurrentGCThread "G1 Conc#0" [stack: 0x000000fd39c00000,0x000000fd39d00000] [id=16748]
  0x000002613495e000 ConcurrentGCThread "G1 Refine#0" [stack: 0x000000fd39d00000,0x000000fd39e00000] [id=4124]
  0x000002614f0a0800 ConcurrentGCThread "G1 Young RemSet Sampling" [stack: 0x000000fd39e00000,0x000000fd39f00000] [id=16624]

Threads with active compile tasks:
C2 CompilerThread0    521  805       4       java.lang.StringBuilder::append (8 bytes)
C2 CompilerThread1    521  737       4       java.lang.invoke.MethodType::makeImpl (108 bytes)

VM state:not at safepoint (normal execution)

VM Mutex/Monitor currently owned by a thread: None

Heap address: 0x0000000081600000, size: 2026 MB, Compressed Oops mode: 32-bit
Narrow klass base: 0x0000000000000000, Narrow klass shift: 3
Compressed class space size: 1073741824 Address: 0x0000000100000000

Heap:
 garbage-first heap   total 131072K, used 10240K [0x0000000081600000, 0x0000000100000000)
  region size 1024K, 12 young (12288K), 0 survivors (0K)
 Metaspace       used 13432K, capacity 13784K, committed 13952K, reserved 1064960K
  class space    used 1460K, capacity 1643K, committed 1664K, reserved 1048576K
Heap Regions: E=young(eden), S=young(survivor), O=old, HS=humongous(starts), HC=humongous(continues), CS=collection set, F=free, A=archive, TAMS=top-at-mark-start (previous, next)
|   0|0x0000000081600000, 0x0000000081600000, 0x0000000081700000|  0%| F|  |TAMS 0x0000000081600000, 0x0000000081600000| Untracked 
|   1|0x0000000081700000, 0x0000000081700000, 0x0000000081800000|  0%| F|  |TAMS 0x0000000081700000, 0x0000000081700000| Untracked 
|   2|0x0000000081800000, 0x0000000081800000, 0x0000000081900000|  0%| F|  |TAMS 0x0000000081800000, 0x0000000081800000| Untracked 
|   3|0x0000000081900000, 0x0000000081900000, 0x0000000081a00000|  0%| F|  |TAMS 0x0000000081900000, 0x0000000081900000| Untracked 
|   4|0x0000000081a00000, 0x0000000081a00000, 0x0000000081b00000|  0%| F|  |TAMS 0x0000000081a00000, 0x0000000081a00000| Untracked 
|   5|0x0000000081b00000, 0x0000000081b00000, 0x0000000081c00000|  0%| F|  |TAMS 0x0000000081b00000, 0x0000000081b00000| Untracked 
|   6|0x0000000081c00000, 0x0000000081c00000, 0x0000000081d00000|  0%| F|  |TAMS 0x0000000081c00000, 0x0000000081c00000| Untracked 
|   7|0x0000000081d00000, 0x0000000081d00000, 0x0000000081e00000|  0%| F|  |TAMS 0x0000000081d00000, 0x0000000081d00000| Untracked 
|   8|0x0000000081e00000, 0x0000000081e00000, 0x0000000081f00000|  0%| F|  |TAMS 0x0000000081e00000, 0x0000000081e00000| Untracked 
|   9|0x0000000081f00000, 0x0000000081f00000, 0x0000000082000000|  0%| F|  |TAMS 0x0000000081f00000, 0x0000000081f00000| Untracked 
|  10|0x0000000082000000, 0x0000000082000000, 0x0000000082100000|  0%| F|  |TAMS 0x0000000082000000, 0x0000000082000000| Untracked 
|  11|0x0000000082100000, 0x0000000082100000, 0x0000000082200000|  0%| F|  |TAMS 0x0000000082100000, 0x0000000082100000| Untracked 
|  12|0x0000000082200000, 0x0000000082200000, 0x0000000082300000|  0%| F|  |TAMS 0x0000000082200000, 0x0000000082200000| Untracked 
|  13|0x0000000082300000, 0x0000000082300000, 0x0000000082400000|  0%| F|  |TAMS 0x0000000082300000, 0x0000000082300000| Untracked 
|  14|0x0000000082400000, 0x0000000082400000, 0x0000000082500000|  0%| F|  |TAMS 0x0000000082400000, 0x0000000082400000| Untracked 
|  15|0x0000000082500000, 0x0000000082500000, 0x0000000082600000|  0%| F|  |TAMS 0x0000000082500000, 0x0000000082500000| Untracked 
|  16|0x0000000082600000, 0x0000000082600000, 0x0000000082700000|  0%| F|  |TAMS 0x0000000082600000, 0x0000000082600000| Untracked 
|  17|0x0000000082700000, 0x0000000082700000, 0x0000000082800000|  0%| F|  |TAMS 0x0000000082700000, 0x0000000082700000| Untracked 
|  18|0x0000000082800000, 0x0000000082800000, 0x0000000082900000|  0%| F|  |TAMS 0x0000000082800000, 0x0000000082800000| Untracked 
|  19|0x0000000082900000, 0x0000000082900000, 0x0000000082a00000|  0%| F|  |TAMS 0x0000000082900000, 0x0000000082900000| Untracked 
|  20|0x0000000082a00000, 0x0000000082a00000, 0x0000000082b00000|  0%| F|  |TAMS 0x0000000082a00000, 0x0000000082a00000| Untracked 
|  21|0x0000000082b00000, 0x0000000082b00000, 0x0000000082c00000|  0%| F|  |TAMS 0x0000000082b00000, 0x0000000082b00000| Untracked 
|  22|0x0000000082c00000, 0x0000000082c00000, 0x0000000082d00000|  0%| F|  |TAMS 0x0000000082c00000, 0x0000000082c00000| Untracked 
|  23|0x0000000082d00000, 0x0000000082d00000, 0x0000000082e00000|  0%| F|  |TAMS 0x0000000082d00000, 0x0000000082d00000| Untracked 
|  24|0x0000000082e00000, 0x0000000082e00000, 0x0000000082f00000|  0%| F|  |TAMS 0x0000000082e00000, 0x0000000082e00000| Untracked 
|  25|0x0000000082f00000, 0x0000000082f00000, 0x0000000083000000|  0%| F|  |TAMS 0x0000000082f00000, 0x0000000082f00000| Untracked 
|  26|0x0000000083000000, 0x0000000083000000, 0x0000000083100000|  0%| F|  |TAMS 0x0000000083000000, 0x0000000083000000| Untracked 
|  27|0x0000000083100000, 0x0000000083100000, 0x0000000083200000|  0%| F|  |TAMS 0x0000000083100000, 0x0000000083100000| Untracked 
|  28|0x0000000083200000, 0x0000000083200000, 0x0000000083300000|  0%| F|  |TAMS 0x0000000083200000, 0x0000000083200000| Untracked 
|  29|0x0000000083300000, 0x0000000083300000, 0x0000000083400000|  0%| F|  |TAMS 0x0000000083300000, 0x0000000083300000| Untracked 
|  30|0x0000000083400000, 0x0000000083400000, 0x0000000083500000|  0%| F|  |TAMS 0x0000000083400000, 0x0000000083400000| Untracked 
|  31|0x0000000083500000, 0x0000000083500000, 0x0000000083600000|  0%| F|  |TAMS 0x0000000083500000, 0x0000000083500000| Untracked 
|  32|0x0000000083600000, 0x0000000083600000, 0x0000000083700000|  0%| F|  |TAMS 0x0000000083600000, 0x0000000083600000| Untracked 
|  33|0x0000000083700000, 0x0000000083700000, 0x0000000083800000|  0%| F|  |TAMS 0x0000000083700000, 0x0000000083700000| Untracked 
|  34|0x0000000083800000, 0x0000000083800000, 0x0000000083900000|  0%| F|  |TAMS 0x0000000083800000, 0x0000000083800000| Untracked 
|  35|0x0000000083900000, 0x0000000083900000, 0x0000000083a00000|  0%| F|  |TAMS 0x0000000083900000, 0x0000000083900000| Untracked 
|  36|0x0000000083a00000, 0x0000000083a00000, 0x0000000083b00000|  0%| F|  |TAMS 0x0000000083a00000, 0x0000000083a00000| Untracked 
|  37|0x0000000083b00000, 0x0000000083b00000, 0x0000000083c00000|  0%| F|  |TAMS 0x0000000083b00000, 0x0000000083b00000| Untracked 
|  38|0x0000000083c00000, 0x0000000083c00000, 0x0000000083d00000|  0%| F|  |TAMS 0x0000000083c00000, 0x0000000083c00000| Untracked 
|  39|0x0000000083d00000, 0x0000000083d00000, 0x0000000083e00000|  0%| F|  |TAMS 0x0000000083d00000, 0x0000000083d00000| Untracked 
|  40|0x0000000083e00000, 0x0000000083e00000, 0x0000000083f00000|  0%| F|  |TAMS 0x0000000083e00000, 0x0000000083e00000| Untracked 
|  41|0x0000000083f00000, 0x0000000083f00000, 0x0000000084000000|  0%| F|  |TAMS 0x0000000083f00000, 0x0000000083f00000| Untracked 
|  42|0x0000000084000000, 0x0000000084000000, 0x0000000084100000|  0%| F|  |TAMS 0x0000000084000000, 0x0000000084000000| Untracked 
|  43|0x0000000084100000, 0x0000000084100000, 0x0000000084200000|  0%| F|  |TAMS 0x0000000084100000, 0x0000000084100000| Untracked 
|  44|0x0000000084200000, 0x0000000084200000, 0x0000000084300000|  0%| F|  |TAMS 0x0000000084200000, 0x0000000084200000| Untracked 
|  45|0x0000000084300000, 0x0000000084300000, 0x0000000084400000|  0%| F|  |TAMS 0x0000000084300000, 0x0000000084300000| Untracked 
|  46|0x0000000084400000, 0x0000000084400000, 0x0000000084500000|  0%| F|  |TAMS 0x0000000084400000, 0x0000000084400000| Untracked 
|  47|0x0000000084500000, 0x0000000084500000, 0x0000000084600000|  0%| F|  |TAMS 0x0000000084500000, 0x0000000084500000| Untracked 
|  48|0x0000000084600000, 0x0000000084600000, 0x0000000084700000|  0%| F|  |TAMS 0x0000000084600000, 0x0000000084600000| Untracked 
|  49|0x0000000084700000, 0x0000000084700000, 0x0000000084800000|  0%| F|  |TAMS 0x0000000084700000, 0x0000000084700000| Untracked 
|  50|0x0000000084800000, 0x0000000084800000, 0x0000000084900000|  0%| F|  |TAMS 0x0000000084800000, 0x0000000084800000| Untracked 
|  51|0x0000000084900000, 0x0000000084900000, 0x0000000084a00000|  0%| F|  |TAMS 0x0000000084900000, 0x0000000084900000| Untracked 
|  52|0x0000000084a00000, 0x0000000084a00000, 0x0000000084b00000|  0%| F|  |TAMS 0x0000000084a00000, 0x0000000084a00000| Untracked 
|  53|0x0000000084b00000, 0x0000000084b00000, 0x0000000084c00000|  0%| F|  |TAMS 0x0000000084b00000, 0x0000000084b00000| Untracked 
|  54|0x0000000084c00000, 0x0000000084c00000, 0x0000000084d00000|  0%| F|  |TAMS 0x0000000084c00000, 0x0000000084c00000| Untracked 
|  55|0x0000000084d00000, 0x0000000084d00000, 0x0000000084e00000|  0%| F|  |TAMS 0x0000000084d00000, 0x0000000084d00000| Untracked 
|  56|0x0000000084e00000, 0x0000000084e00000, 0x0000000084f00000|  0%| F|  |TAMS 0x0000000084e00000, 0x0000000084e00000| Untracked 
|  57|0x0000000084f00000, 0x0000000084f00000, 0x0000000085000000|  0%| F|  |TAMS 0x0000000084f00000, 0x0000000084f00000| Untracked 
|  58|0x0000000085000000, 0x0000000085000000, 0x0000000085100000|  0%| F|  |TAMS 0x0000000085000000, 0x0000000085000000| Untracked 
|  59|0x0000000085100000, 0x0000000085100000, 0x0000000085200000|  0%| F|  |TAMS 0x0000000085100000, 0x0000000085100000| Untracked 
|  60|0x0000000085200000, 0x0000000085200000, 0x0000000085300000|  0%| F|  |TAMS 0x0000000085200000, 0x0000000085200000| Untracked 
|  61|0x0000000085300000, 0x0000000085300000, 0x0000000085400000|  0%| F|  |TAMS 0x0000000085300000, 0x0000000085300000| Untracked 
|  62|0x0000000085400000, 0x0000000085400000, 0x0000000085500000|  0%| F|  |TAMS 0x0000000085400000, 0x0000000085400000| Untracked 
|  63|0x0000000085500000, 0x0000000085500000, 0x0000000085600000|  0%| F|  |TAMS 0x0000000085500000, 0x0000000085500000| Untracked 
|  64|0x0000000085600000, 0x0000000085600000, 0x0000000085700000|  0%| F|  |TAMS 0x0000000085600000, 0x0000000085600000| Untracked 
|  65|0x0000000085700000, 0x0000000085700000, 0x0000000085800000|  0%| F|  |TAMS 0x0000000085700000, 0x0000000085700000| Untracked 
|  66|0x0000000085800000, 0x0000000085800000, 0x0000000085900000|  0%| F|  |TAMS 0x0000000085800000, 0x0000000085800000| Untracked 
|  67|0x0000000085900000, 0x0000000085900000, 0x0000000085a00000|  0%| F|  |TAMS 0x0000000085900000, 0x0000000085900000| Untracked 
|  68|0x0000000085a00000, 0x0000000085a00000, 0x0000000085b00000|  0%| F|  |TAMS 0x0000000085a00000, 0x0000000085a00000| Untracked 
|  69|0x0000000085b00000, 0x0000000085b00000, 0x0000000085c00000|  0%| F|  |TAMS 0x0000000085b00000, 0x0000000085b00000| Untracked 
|  70|0x0000000085c00000, 0x0000000085c00000, 0x0000000085d00000|  0%| F|  |TAMS 0x0000000085c00000, 0x0000000085c00000| Untracked 
|  71|0x0000000085d00000, 0x0000000085d00000, 0x0000000085e00000|  0%| F|  |TAMS 0x0000000085d00000, 0x0000000085d00000| Untracked 
|  72|0x0000000085e00000, 0x0000000085e00000, 0x0000000085f00000|  0%| F|  |TAMS 0x0000000085e00000, 0x0000000085e00000| Untracked 
|  73|0x0000000085f00000, 0x0000000085f00000, 0x0000000086000000|  0%| F|  |TAMS 0x0000000085f00000, 0x0000000085f00000| Untracked 
|  74|0x0000000086000000, 0x0000000086000000, 0x0000000086100000|  0%| F|  |TAMS 0x0000000086000000, 0x0000000086000000| Untracked 
|  75|0x0000000086100000, 0x0000000086100000, 0x0000000086200000|  0%| F|  |TAMS 0x0000000086100000, 0x0000000086100000| Untracked 
|  76|0x0000000086200000, 0x0000000086200000, 0x0000000086300000|  0%| F|  |TAMS 0x0000000086200000, 0x0000000086200000| Untracked 
|  77|0x0000000086300000, 0x0000000086300000, 0x0000000086400000|  0%| F|  |TAMS 0x0000000086300000, 0x0000000086300000| Untracked 
|  78|0x0000000086400000, 0x0000000086400000, 0x0000000086500000|  0%| F|  |TAMS 0x0000000086400000, 0x0000000086400000| Untracked 
|  79|0x0000000086500000, 0x0000000086500000, 0x0000000086600000|  0%| F|  |TAMS 0x0000000086500000, 0x0000000086500000| Untracked 
|  80|0x0000000086600000, 0x0000000086600000, 0x0000000086700000|  0%| F|  |TAMS 0x0000000086600000, 0x0000000086600000| Untracked 
|  81|0x0000000086700000, 0x0000000086700000, 0x0000000086800000|  0%| F|  |TAMS 0x0000000086700000, 0x0000000086700000| Untracked 
|  82|0x0000000086800000, 0x0000000086800000, 0x0000000086900000|  0%| F|  |TAMS 0x0000000086800000, 0x0000000086800000| Untracked 
|  83|0x0000000086900000, 0x0000000086900000, 0x0000000086a00000|  0%| F|  |TAMS 0x0000000086900000, 0x0000000086900000| Untracked 
|  84|0x0000000086a00000, 0x0000000086a00000, 0x0000000086b00000|  0%| F|  |TAMS 0x0000000086a00000, 0x0000000086a00000| Untracked 
|  85|0x0000000086b00000, 0x0000000086b00000, 0x0000000086c00000|  0%| F|  |TAMS 0x0000000086b00000, 0x0000000086b00000| Untracked 
|  86|0x0000000086c00000, 0x0000000086c00000, 0x0000000086d00000|  0%| F|  |TAMS 0x0000000086c00000, 0x0000000086c00000| Untracked 
|  87|0x0000000086d00000, 0x0000000086d00000, 0x0000000086e00000|  0%| F|  |TAMS 0x0000000086d00000, 0x0000000086d00000| Untracked 
|  88|0x0000000086e00000, 0x0000000086e00000, 0x0000000086f00000|  0%| F|  |TAMS 0x0000000086e00000, 0x0000000086e00000| Untracked 
|  89|0x0000000086f00000, 0x0000000086f00000, 0x0000000087000000|  0%| F|  |TAMS 0x0000000086f00000, 0x0000000086f00000| Untracked 
|  90|0x0000000087000000, 0x0000000087000000, 0x0000000087100000|  0%| F|  |TAMS 0x0000000087000000, 0x0000000087000000| Untracked 
|  91|0x0000000087100000, 0x0000000087100000, 0x0000000087200000|  0%| F|  |TAMS 0x0000000087100000, 0x0000000087100000| Untracked 
|  92|0x0000000087200000, 0x0000000087200000, 0x0000000087300000|  0%| F|  |TAMS 0x0000000087200000, 0x0000000087200000| Untracked 
|  93|0x0000000087300000, 0x0000000087300000, 0x0000000087400000|  0%| F|  |TAMS 0x0000000087300000, 0x0000000087300000| Untracked 
|  94|0x0000000087400000, 0x0000000087400000, 0x0000000087500000|  0%| F|  |TAMS 0x0000000087400000, 0x0000000087400000| Untracked 
|  95|0x0000000087500000, 0x0000000087500000, 0x0000000087600000|  0%| F|  |TAMS 0x0000000087500000, 0x0000000087500000| Untracked 
|  96|0x0000000087600000, 0x0000000087600000, 0x0000000087700000|  0%| F|  |TAMS 0x0000000087600000, 0x0000000087600000| Untracked 
|  97|0x0000000087700000, 0x0000000087700000, 0x0000000087800000|  0%| F|  |TAMS 0x0000000087700000, 0x0000000087700000| Untracked 
|  98|0x0000000087800000, 0x0000000087800000, 0x0000000087900000|  0%| F|  |TAMS 0x0000000087800000, 0x0000000087800000| Untracked 
|  99|0x0000000087900000, 0x0000000087900000, 0x0000000087a00000|  0%| F|  |TAMS 0x0000000087900000, 0x0000000087900000| Untracked 
| 100|0x0000000087a00000, 0x0000000087a00000, 0x0000000087b00000|  0%| F|  |TAMS 0x0000000087a00000, 0x0000000087a00000| Untracked 
| 101|0x0000000087b00000, 0x0000000087b00000, 0x0000000087c00000|  0%| F|  |TAMS 0x0000000087b00000, 0x0000000087b00000| Untracked 
| 102|0x0000000087c00000, 0x0000000087c00000, 0x0000000087d00000|  0%| F|  |TAMS 0x0000000087c00000, 0x0000000087c00000| Untracked 
| 103|0x0000000087d00000, 0x0000000087d00000, 0x0000000087e00000|  0%| F|  |TAMS 0x0000000087d00000, 0x0000000087d00000| Untracked 
| 104|0x0000000087e00000, 0x0000000087e00000, 0x0000000087f00000|  0%| F|  |TAMS 0x0000000087e00000, 0x0000000087e00000| Untracked 
| 105|0x0000000087f00000, 0x0000000087f00000, 0x0000000088000000|  0%| F|  |TAMS 0x0000000087f00000, 0x0000000087f00000| Untracked 
| 106|0x0000000088000000, 0x0000000088000000, 0x0000000088100000|  0%| F|  |TAMS 0x0000000088000000, 0x0000000088000000| Untracked 
| 107|0x0000000088100000, 0x0000000088100000, 0x0000000088200000|  0%| F|  |TAMS 0x0000000088100000, 0x0000000088100000| Untracked 
| 108|0x0000000088200000, 0x0000000088200000, 0x0000000088300000|  0%| F|  |TAMS 0x0000000088200000, 0x0000000088200000| Untracked 
| 109|0x0000000088300000, 0x0000000088300000, 0x0000000088400000|  0%| F|  |TAMS 0x0000000088300000, 0x0000000088300000| Untracked 
| 110|0x0000000088400000, 0x0000000088400000, 0x0000000088500000|  0%| F|  |TAMS 0x0000000088400000, 0x0000000088400000| Untracked 
| 111|0x0000000088500000, 0x0000000088500000, 0x0000000088600000|  0%| F|  |TAMS 0x0000000088500000, 0x0000000088500000| Untracked 
| 112|0x0000000088600000, 0x0000000088600000, 0x0000000088700000|  0%| F|  |TAMS 0x0000000088600000, 0x0000000088600000| Untracked 
| 113|0x0000000088700000, 0x0000000088700000, 0x0000000088800000|  0%| F|  |TAMS 0x0000000088700000, 0x0000000088700000| Untracked 
| 114|0x0000000088800000, 0x0000000088800000, 0x0000000088900000|  0%| F|  |TAMS 0x0000000088800000, 0x0000000088800000| Untracked 
| 115|0x0000000088900000, 0x0000000088900000, 0x0000000088a00000|  0%| F|  |TAMS 0x0000000088900000, 0x0000000088900000| Untracked 
| 116|0x0000000088a00000, 0x0000000088af6868, 0x0000000088b00000| 96%| E|  |TAMS 0x0000000088a00000, 0x0000000088a00000| Complete 
| 117|0x0000000088b00000, 0x0000000088c00000, 0x0000000088c00000|100%| E|CS|TAMS 0x0000000088b00000, 0x0000000088b00000| Complete 
| 118|0x0000000088c00000, 0x0000000088d00000, 0x0000000088d00000|100%| E|CS|TAMS 0x0000000088c00000, 0x0000000088c00000| Complete 
| 119|0x0000000088d00000, 0x0000000088e00000, 0x0000000088e00000|100%| E|CS|TAMS 0x0000000088d00000, 0x0000000088d00000| Complete 
| 120|0x0000000088e00000, 0x0000000088f00000, 0x0000000088f00000|100%| E|CS|TAMS 0x0000000088e00000, 0x0000000088e00000| Complete 
| 121|0x0000000088f00000, 0x0000000089000000, 0x0000000089000000|100%| E|CS|TAMS 0x0000000088f00000, 0x0000000088f00000| Complete 
| 122|0x0000000089000000, 0x0000000089100000, 0x0000000089100000|100%| E|CS|TAMS 0x0000000089000000, 0x0000000089000000| Complete 
| 123|0x0000000089100000, 0x0000000089200000, 0x0000000089200000|100%| E|CS|TAMS 0x0000000089100000, 0x0000000089100000| Complete 
| 124|0x0000000089200000, 0x0000000089300000, 0x0000000089300000|100%| E|CS|TAMS 0x0000000089200000, 0x0000000089200000| Complete 
| 125|0x0000000089300000, 0x0000000089400000, 0x0000000089400000|100%| E|CS|TAMS 0x0000000089300000, 0x0000000089300000| Complete 
| 126|0x0000000089400000, 0x0000000089500000, 0x0000000089500000|100%| E|  |TAMS 0x0000000089400000, 0x0000000089400000| Complete 
| 127|0x0000000089500000, 0x0000000089600000, 0x0000000089600000|100%| E|CS|TAMS 0x0000000089500000, 0x0000000089500000| Complete 

Card table byte_map: [0x0000026148080000,0x0000026148480000] _byte_map_base: 0x0000026147c75000

Marking Bits (Prev, Next): (CMBitMap*) 0x00000261348cd0c8, (CMBitMap*) 0x00000261348cd100
 Prev Bits: [0x0000026148880000, 0x000002614a828000)
 Next Bits: [0x000002614a830000, 0x000002614c7d8000)

Polling page: 0x0000026132820000

Metaspace:

Usage:
  Non-class:     11.99 MB capacity,    11.79 MB ( 98%) used,   156.52 KB (  1%) free+waste,    41.13 KB ( <1%) overhead. 
      Class:      1.64 MB capacity,     1.44 MB ( 88%) used,   180.21 KB ( 11%) free+waste,    22.31 KB (  1%) overhead. 
       Both:     13.63 MB capacity,    13.23 MB ( 97%) used,   336.73 KB (  2%) free+waste,    63.44 KB ( <1%) overhead. 

Virtual space:
  Non-class space:       16.00 MB reserved,      12.00 MB ( 75%) committed 
      Class space:        1.00 GB reserved,       1.75 MB ( <1%) committed 
             Both:        1.02 GB reserved,      13.75 MB (  1%) committed 

Chunk freelists:
   Non-Class:  14.00 KB
       Class:  18.00 KB
        Both:  32.00 KB

MaxMetaspaceSize: 17179869184.00 GB
CompressedClassSpaceSize: 1.00 GB

CodeHeap 'non-profiled nmethods': size=120000Kb used=291Kb max_used=291Kb free=119708Kb
 bounds [0x0000026140420000, 0x0000026140690000, 0x0000026147950000]
CodeHeap 'profiled nmethods': size=120000Kb used=1305Kb max_used=1305Kb free=118694Kb
 bounds [0x0000026138ef0000, 0x0000026139160000, 0x0000026140420000]
CodeHeap 'non-nmethods': size=5760Kb used=1159Kb max_used=1174Kb free=4600Kb
 bounds [0x0000026138950000, 0x0000026138bc0000, 0x0000026138ef0000]
 total_blobs=1745 nmethods=816 adapters=412
 compilation: enabled
              stopped_count=0, restarted_count=0
 full_count=0

Compilation events (20 events):
Event: 0.475 Thread 0x000002614fadf000  768       3       java.nio.ByteBufferAsShortBufferB::byteOffset (9 bytes)
Event: 0.476 Thread 0x000002614fadf000 nmethod 768 0x0000026139024d90 code [0x0000026139024f40, 0x00000261390250b8]
Event: 0.477 Thread 0x000002614fadf000  770       3       java.lang.invoke.BoundMethodHandle$SpeciesData::extendWith (62 bytes)
Event: 0.478 Thread 0x000002614fadf000 nmethod 770 0x0000026139025190 code [0x0000026139025440, 0x0000026139026100]
Event: 0.478 Thread 0x000002614fadf000  771       3       sun.util.logging.PlatformLogger::isLoggable (23 bytes)
Event: 0.478 Thread 0x000002614fadf000 nmethod 771 0x0000026139026510 code [0x00000261390266e0, 0x0000026139026a00]
Event: 0.478 Thread 0x000002614fadf000  772       3       jdk.internal.logger.AbstractLoggerWrapper::isLoggable (26 bytes)
Event: 0.479 Thread 0x000002614fadf000 nmethod 772 0x0000026139026b10 code [0x0000026139026d20, 0x00000261390272e0]
Event: 0.482 Thread 0x000002614fadf000  773       3       jdk.internal.org.objectweb.asm.MethodWriter::startFrame (55 bytes)
Event: 0.482 Thread 0x000002614fadf000 nmethod 773 0x0000026139027490 code [0x0000026139027660, 0x00000261390279b8]
Event: 0.482 Thread 0x000002614fadf000  774       3       jdk.internal.org.objectweb.asm.MethodWriter::endFrame (53 bytes)
Event: 0.482 Thread 0x000002614fadf000 nmethod 774 0x0000026139027b10 code [0x0000026139027d00, 0x0000026139028230]
Event: 0.482 Thread 0x000002614fadf000  775       3       java.lang.invoke.LambdaFormEditor::oldSpeciesData (8 bytes)
Event: 0.483 Thread 0x000002614fadf000 nmethod 775 0x0000026139028390 code [0x0000026139028560, 0x0000026139028998]
Event: 0.483 Thread 0x000002614fadf000  776       3       java.lang.invoke.LambdaFormBuffer::replaceName (124 bytes)
Event: 0.483 Thread 0x000002614fadf000 nmethod 776 0x0000026139028b10 code [0x0000026139028ce0, 0x0000026139028ef0]
Event: 0.484 Thread 0x000002614fadf000  777       3       java.lang.invoke.DirectMethodHandle$Holder::invokeStatic (14 bytes)
Event: 0.484 Thread 0x000002614fadf000 nmethod 777 0x0000026139029010 code [0x0000026139029200, 0x0000026139029760]
Event: 0.485 Thread 0x000002614fadf000  778       3       java.lang.String::getChars (54 bytes)
Event: 0.486 Thread 0x000002614fadf000 nmethod 778 0x0000026139029890 code [0x0000026139029aa0, 0x0000026139029fc0]

GC Heap History (0 events):
No events

Deoptimization events (20 events):
Event: 0.243 Thread 0x000002613488d800 Uncommon trap: trap_request=0xffffffde fr.pc=0x000002614042cf68 relative=0x0000000000000a68
Event: 0.243 Thread 0x000002613488d800 Uncommon trap: reason=class_check action=maybe_recompile pc=0x000002614042cf68 method=java.util.HashMap.putVal(ILjava/lang/Object;Ljava/lang/Object;ZZ)Ljava/lang/Object; @ 152 c2
Event: 0.243 Thread 0x000002613488d800 DEOPT PACKING pc=0x000002614042cf68 sp=0x000000fd399fa9d0
Event: 0.243 Thread 0x000002613488d800 DEOPT UNPACKING pc=0x0000026138978f2f sp=0x000000fd399fa950 mode 2
Event: 0.243 Thread 0x000002613488d800 Uncommon trap: trap_request=0xffffffde fr.pc=0x000002614042cf68 relative=0x0000000000000a68
Event: 0.243 Thread 0x000002613488d800 Uncommon trap: reason=class_check action=maybe_recompile pc=0x000002614042cf68 method=java.util.HashMap.putVal(ILjava/lang/Object;Ljava/lang/Object;ZZ)Ljava/lang/Object; @ 152 c2
Event: 0.243 Thread 0x000002613488d800 DEOPT PACKING pc=0x000002614042cf68 sp=0x000000fd399fa9d0
Event: 0.244 Thread 0x000002613488d800 DEOPT UNPACKING pc=0x0000026138978f2f sp=0x000000fd399fa950 mode 2
Event: 0.457 Thread 0x00000261501ae800 Uncommon trap: trap_request=0xffffff4d fr.pc=0x000002614043def8 relative=0x0000000000000058
Event: 0.457 Thread 0x00000261501ae800 Uncommon trap: reason=unstable_if action=reinterpret pc=0x000002614043def8 method=java.lang.String.isLatin1()Z @ 10 c2
Event: 0.457 Thread 0x00000261501ae800 DEOPT PACKING pc=0x000002614043def8 sp=0x000000fd3aff87b0
Event: 0.457 Thread 0x00000261501ae800 DEOPT UNPACKING pc=0x0000026138978f2f sp=0x000000fd3aff8740 mode 2
Event: 0.457 Thread 0x00000261501ae800 Uncommon trap: trap_request=0xffffff4d fr.pc=0x0000026140442698 relative=0x0000000000000d18
Event: 0.457 Thread 0x00000261501ae800 Uncommon trap: reason=unstable_if action=reinterpret pc=0x0000026140442698 method=java.util.HashMap.putVal(ILjava/lang/Object;Ljava/lang/Object;ZZ)Ljava/lang/Object; @ 181 c2
Event: 0.457 Thread 0x00000261501ae800 DEOPT PACKING pc=0x0000026140442698 sp=0x000000fd3aff8750
Event: 0.457 Thread 0x00000261501ae800 DEOPT UNPACKING pc=0x0000026138978f2f sp=0x000000fd3aff86f0 mode 2
Event: 0.458 Thread 0x00000261501ae800 Uncommon trap: trap_request=0xffffff4d fr.pc=0x0000026140425a90 relative=0x0000000000000070
Event: 0.458 Thread 0x00000261501ae800 Uncommon trap: reason=unstable_if action=reinterpret pc=0x0000026140425a90 method=java.lang.String.isLatin1()Z @ 10 c2
Event: 0.458 Thread 0x00000261501ae800 DEOPT PACKING pc=0x0000026140425a90 sp=0x000000fd3aff7510
Event: 0.458 Thread 0x00000261501ae800 DEOPT UNPACKING pc=0x0000026138978f2f sp=0x000000fd3aff7450 mode 2

Classes redefined (0 events):
No events

Internal exceptions (20 events):
Event: 0.233 Thread 0x000002613488d800 Exception <a 'java/lang/NoSuchMethodError'{0x00000000892c65e8}: 'java.lang.Object java.lang.invoke.DirectMethodHandle$Holder.invokeSpecial(java.lang.Object, java.lang.Object, int, int, java.lang.Object, java.lang.Object, java.lang.Object)'> (0x00000000892
Event: 0.233 Thread 0x000002613488d800 Exception <a 'java/lang/NoSuchMethodError'{0x00000000892c9b78}: 'java.lang.Object java.lang.invoke.DelegatingMethodHandle$Holder.reinvoke_L(java.lang.Object, int, int, java.lang.Object, java.lang.Object, java.lang.Object)'> (0x00000000892c9b78) thrown at 
Event: 0.234 Thread 0x000002613488d800 Exception <a 'java/lang/NoSuchMethodError'{0x00000000892cdc58}: 'java.lang.Object java.lang.invoke.DirectMethodHandle$Holder.invokeStatic(java.lang.Object, java.lang.Object, java.lang.Object, java.lang.Object, int)'> (0x00000000892cdc58) thrown at [c:/Bui
Event: 0.242 Thread 0x000002613488d800 Exception <a 'java/io/FileNotFoundException'{0x0000000089131128}> (0x0000000089131128) thrown at [c:/BuildAgent/work/5ff2f6c26000d570/src/hotspot/share/prims/jni.cpp, line 615]
Event: 0.299 Thread 0x000002615014b000 Exception <a 'java/lang/NoSuchMethodError'{0x00000000891fb498}: 'void java.lang.invoke.DirectMethodHandle$Holder.invokeSpecial(java.lang.Object, java.lang.Object)'> (0x00000000891fb498) thrown at [c:/BuildAgent/work/5ff2f6c26000d570/src/hotspot/share/inte
Event: 0.304 Thread 0x000002613488d800 Exception <a 'java/lang/NoSuchMethodError'{0x00000000891e79f0}: 'java.lang.Object java.lang.invoke.DirectMethodHandle$Holder.invokeStatic(java.lang.Object, java.lang.Object, java.lang.Object, java.lang.Object, java.lang.Object, java.lang.Object, java.lang
Event: 0.306 Thread 0x000002613488d800 Exception <a 'java/lang/NoSuchMethodError'{0x0000000089086e58}: 'java.lang.Object java.lang.invoke.DirectMethodHandle$Holder.invokeStatic(java.lang.Object, java.lang.Object, java.lang.Object, java.lang.Object, java.lang.Object, java.lang.Object, java.lang
Event: 0.355 Thread 0x00000261501ae800 Exception <a 'java/lang/NoSuchMethodError'{0x0000000088fe6858}: 'void java.lang.invoke.DirectMethodHandle$Holder.invokeStaticInit(java.lang.Object)'> (0x0000000088fe6858) thrown at [c:/BuildAgent/work/5ff2f6c26000d570/src/hotspot/share/interpreter/linkRes
Event: 0.360 Thread 0x00000261501ae800 Exception <a 'java/lang/NoSuchMethodError'{0x0000000088e0f6f8}: 'java.lang.Object java.lang.invoke.DirectMethodHandle$Holder.invokeStatic(java.lang.Object, int, java.lang.Object, java.lang.Object, java.lang.Object, java.lang.Object)'> (0x0000000088e0f6f8)
Event: 0.361 Thread 0x00000261501ae800 Exception <a 'java/lang/NoSuchMethodError'{0x0000000088e167b8}: 'java.lang.Object java.lang.invoke.DirectMethodHandle$Holder.invokeStatic(java.lang.Object, int, java.lang.Object, java.lang.Object, java.lang.Object)'> (0x0000000088e167b8) thrown at [c:/Bui
Event: 0.361 Thread 0x00000261501ae800 Exception <a 'java/lang/NoSuchMethodError'{0x0000000088e1a300}: 'java.lang.Object java.lang.invoke.DirectMethodHandle$Holder.invokeSpecial(java.lang.Object, java.lang.Object, int, java.lang.Object, java.lang.Object, java.lang.Object)'> (0x0000000088e1a300
Event: 0.363 Thread 0x00000261501ae800 Exception <a 'java/lang/NoSuchMethodError'{0x0000000088e31be0}: 'java.lang.Object java.lang.invoke.DirectMethodHandle$Holder.invokeStatic(java.lang.Object, int, java.lang.Object)'> (0x0000000088e31be0) thrown at [c:/BuildAgent/work/5ff2f6c26000d570/src/ho
Event: 0.373 Thread 0x00000261501ae800 Exception <a 'java/lang/NoSuchMethodError'{0x0000000088d1ba28}: 'java.lang.Object java.lang.invoke.DirectMethodHandle$Holder.invokeStatic(java.lang.Object, java.lang.Object, java.lang.Object, java.lang.Object, java.lang.Object, java.lang.Object, java.lang
Event: 0.375 Thread 0x00000261501ae800 Exception <a 'java/lang/NoSuchMethodError'{0x0000000088d39928}: 'java.lang.Object java.lang.invoke.DirectMethodHandle$Holder.invokeStatic(java.lang.Object, java.lang.Object, java.lang.Object, java.lang.Object, java.lang.Object, java.lang.Object, java.lang
Event: 0.376 Thread 0x00000261501ae800 Exception <a 'java/lang/NoSuchMethodError'{0x0000000088d586b8}: 'java.lang.Object java.lang.invoke.DirectMethodHandle$Holder.invokeStatic(java.lang.Object, java.lang.Object, java.lang.Object, java.lang.Object, java.lang.Object, java.lang.Object, java.lang
Event: 0.377 Thread 0x00000261501ae800 Exception <a 'java/lang/NoSuchMethodError'{0x0000000088d78ad0}: 'java.lang.Object java.lang.invoke.DirectMethodHandle$Holder.invokeStatic(java.lang.Object, java.lang.Object, java.lang.Object, java.lang.Object, java.lang.Object, java.lang.Object, java.lang
Event: 0.386 Thread 0x00000261501ae800 Exception <a 'java/lang/NoSuchMethodError'{0x0000000088df3d30}: 'java.lang.Object java.lang.invoke.DirectMethodHandle$Holder.invokeStatic(java.lang.Object, java.lang.Object, java.lang.Object, java.lang.Object, java.lang.Object, java.lang.Object, java.lang
Event: 0.387 Thread 0x00000261501ae800 Exception <a 'java/lang/NoSuchMethodError'{0x0000000088c00eb0}: 'java.lang.Object java.lang.invoke.DirectMethodHandle$Holder.invokeStatic(java.lang.Object, java.lang.Object, java.lang.Object, java.lang.Object, java.lang.Object, java.lang.Object, java.lang
Event: 0.398 Thread 0x00000261501ae800 Exception <a 'java/lang/ClassNotFoundException'{0x0000000088c545e0}: com/sun/java/swing/plaf/windows/resources/spi/windowsProvider> (0x0000000088c545e0) thrown at [c:/BuildAgent/work/5ff2f6c26000d570/src/hotspot/share/classfile/systemDictionary.cpp, line 
Event: 0.400 Thread 0x00000261501ae800 Exception <a 'java/lang/ClassNotFoundException'{0x0000000088c5a2c8}: com/sun/swing/internal/plaf/basic/resources/spi/basicProvider> (0x0000000088c5a2c8) thrown at [c:/BuildAgent/work/5ff2f6c26000d570/src/hotspot/share/classfile/systemDictionary.cpp, line 

Events (20 events):
Event: 0.479 loading class javax/swing/SortingFocusTraversalPolicy done
Event: 0.479 loading class javax/swing/LayoutFocusTraversalPolicy done
Event: 0.479 loading class javax/swing/SwingContainerOrderFocusTraversalPolicy
Event: 0.479 loading class javax/swing/SwingContainerOrderFocusTraversalPolicy done
Event: 0.479 loading class javax/swing/SwingDefaultFocusTraversalPolicy
Event: 0.479 loading class javax/swing/SwingDefaultFocusTraversalPolicy done
Event: 0.479 loading class javax/swing/LayoutComparator
Event: 0.479 loading class javax/swing/LayoutComparator done
Event: 0.479 loading class javax/swing/plaf/basic/BasicRootPaneUI$RootPaneInputMap
Event: 0.479 loading class javax/swing/plaf/ComponentInputMapUIResource
Event: 0.480 loading class javax/swing/ComponentInputMap
Event: 0.480 loading class javax/swing/InputMap
Event: 0.480 loading class javax/swing/InputMap done
Event: 0.480 loading class javax/swing/ComponentInputMap done
Event: 0.480 loading class javax/swing/plaf/ComponentInputMapUIResource done
Event: 0.480 loading class javax/swing/plaf/basic/BasicRootPaneUI$RootPaneInputMap done
Event: 0.480 loading class javax/swing/plaf/InputMapUIResource
Event: 0.480 loading class javax/swing/plaf/InputMapUIResource done
Event: 0.484 loading class java/awt/VKCollection
Event: 0.484 loading class java/awt/VKCollection done


Dynamic libraries:
0x00007ff67ebf0000 - 0x00007ff67ebfa000 	C:\Program Files\JetBrains\IntelliJ IDEA Community Edition 2019.2.2\jbr\bin\java.exe
0x00007ffca3360000 - 0x00007ffca3550000 	C:\WINDOWS\SYSTEM32\ntdll.dll
0x00007ffca1dc0000 - 0x00007ffca1e72000 	C:\WINDOWS\System32\KERNEL32.DLL
0x00007ffca1160000 - 0x00007ffca1403000 	C:\WINDOWS\System32\KERNELBASE.dll
0x00007ffca0e10000 - 0x00007ffca0f0a000 	C:\WINDOWS\System32\ucrtbase.dll
0x00007ffc92e30000 - 0x00007ffc92e49000 	C:\Program Files\JetBrains\IntelliJ IDEA Community Edition 2019.2.2\jbr\bin\jli.dll
0x00007ffc84de0000 - 0x00007ffc84df7000 	C:\Program Files\JetBrains\IntelliJ IDEA Community Edition 2019.2.2\jbr\bin\VCRUNTIME140.dll
0x00007ffca2c10000 - 0x00007ffca2da4000 	C:\WINDOWS\System32\USER32.dll
0x00007ffc8c250000 - 0x00007ffc8c4d5000 	C:\WINDOWS\WinSxS\amd64_microsoft.windows.common-controls_6595b64144ccf1df_6.0.18362.657_none_e6c5b579130e3898\COMCTL32.dll
0x00007ffca05b0000 - 0x00007ffca05d1000 	C:\WINDOWS\System32\win32u.dll
0x00007ffca31a0000 - 0x00007ffca323e000 	C:\WINDOWS\System32\msvcrt.dll
0x00007ffca2960000 - 0x00007ffca2986000 	C:\WINDOWS\System32\GDI32.dll
0x00007ffca23a0000 - 0x00007ffca26d6000 	C:\WINDOWS\System32\combase.dll
0x00007ffca0410000 - 0x00007ffca05a4000 	C:\WINDOWS\System32\gdi32full.dll
0x00007ffca2840000 - 0x00007ffca2960000 	C:\WINDOWS\System32\RPCRT4.dll
0x00007ffca0340000 - 0x00007ffca03de000 	C:\WINDOWS\System32\msvcp_win.dll
0x00007ffca1060000 - 0x00007ffca10e0000 	C:\WINDOWS\System32\bcryptPrimitives.dll
0x00007ffca1e80000 - 0x00007ffca1eae000 	C:\WINDOWS\System32\IMM32.DLL
0x00007ffc7b1c0000 - 0x00007ffc7b25d000 	C:\Program Files\JetBrains\IntelliJ IDEA Community Edition 2019.2.2\jbr\bin\msvcp140.dll
0x00007ffc541d0000 - 0x00007ffc54c8b000 	C:\Program Files\JetBrains\IntelliJ IDEA Community Edition 2019.2.2\jbr\bin\server\jvm.dll
0x00007ffca2790000 - 0x00007ffca2833000 	C:\WINDOWS\System32\ADVAPI32.dll
0x00007ffca1630000 - 0x00007ffca16c7000 	C:\WINDOWS\System32\sechost.dll
0x00007ffca2aa0000 - 0x00007ffca2aa8000 	C:\WINDOWS\System32\PSAPI.DLL
0x00007ffc9e120000 - 0x00007ffc9e129000 	C:\WINDOWS\SYSTEM32\WSOCK32.dll
0x00007ffc9df20000 - 0x00007ffc9df44000 	C:\WINDOWS\SYSTEM32\WINMM.dll
0x00007ffca2330000 - 0x00007ffca239f000 	C:\WINDOWS\System32\WS2_32.dll
0x00007ffc99390000 - 0x00007ffc9939a000 	C:\WINDOWS\SYSTEM32\VERSION.dll
0x00007ffc9def0000 - 0x00007ffc9df1d000 	C:\WINDOWS\SYSTEM32\winmmbase.dll
0x00007ffca02f0000 - 0x00007ffca033a000 	C:\WINDOWS\System32\cfgmgr32.dll
0x00007ffca0260000 - 0x00007ffca0271000 	C:\WINDOWS\System32\kernel.appcore.dll
0x00007ffc9c710000 - 0x00007ffc9c721000 	C:\Program Files\JetBrains\IntelliJ IDEA Community Edition 2019.2.2\jbr\bin\verify.dll
0x00007ffc929f0000 - 0x00007ffc92be4000 	C:\WINDOWS\SYSTEM32\DBGHELP.DLL
0x00007ffc869d0000 - 0x00007ffc869fa000 	C:\WINDOWS\SYSTEM32\dbgcore.DLL
0x00007ffc859a0000 - 0x00007ffc859c9000 	C:\Program Files\JetBrains\IntelliJ IDEA Community Edition 2019.2.2\jbr\bin\java.dll
0x00007ffc9c920000 - 0x00007ffc9c92f000 	C:\Program Files\JetBrains\IntelliJ IDEA Community Edition 2019.2.2\jbr\bin\instrument.dll
0x00007ffc983b0000 - 0x00007ffc983c7000 	C:\Program Files\JetBrains\IntelliJ IDEA Community Edition 2019.2.2\jbr\bin\zip.dll
0x00007ffc9b240000 - 0x00007ffc9b24b000 	C:\Program Files\JetBrains\IntelliJ IDEA Community Edition 2019.2.2\jbr\bin\jimage.dll
0x00007ffca16d0000 - 0x00007ffca1db5000 	C:\WINDOWS\System32\SHELL32.dll
0x00007ffca29f0000 - 0x00007ffca2a99000 	C:\WINDOWS\System32\shcore.dll
0x00007ffca05e0000 - 0x00007ffca0d5f000 	C:\WINDOWS\System32\windows.storage.dll
0x00007ffca02d0000 - 0x00007ffca02ef000 	C:\WINDOWS\System32\profapi.dll
0x00007ffca0280000 - 0x00007ffca02ca000 	C:\WINDOWS\System32\powrprof.dll
0x00007ffca0230000 - 0x00007ffca0240000 	C:\WINDOWS\System32\UMPDC.dll
0x00007ffca2ec0000 - 0x00007ffca2f12000 	C:\WINDOWS\System32\shlwapi.dll
0x00007ffca10e0000 - 0x00007ffca10f7000 	C:\WINDOWS\System32\cryptsp.dll
0x00007ffc88170000 - 0x00007ffc8818a000 	C:\Program Files\JetBrains\IntelliJ IDEA Community Edition 2019.2.2\jbr\bin\net.dll
0x00007ffc90960000 - 0x00007ffc90a50000 	C:\WINDOWS\SYSTEM32\WINHTTP.dll
0x00007ffc9faa0000 - 0x00007ffc9fb07000 	C:\WINDOWS\system32\mswsock.dll
0x00007ffc85a10000 - 0x00007ffc85a24000 	C:\Program Files\JetBrains\IntelliJ IDEA Community Edition 2019.2.2\jbr\bin\nio.dll
0x00007ffc92e60000 - 0x00007ffc92e7a000 	C:\Program Files\JetBrains\IntelliJ IDEA Community Edition 2019.2.2\bin\breakgen64.dll
0x00007ffc66ca0000 - 0x00007ffc66e41000 	C:\Program Files\JetBrains\IntelliJ IDEA Community Edition 2019.2.2\jbr\bin\awt.dll
0x00007ffca2f20000 - 0x00007ffca2fe4000 	C:\WINDOWS\System32\OLEAUT32.dll
0x00007ffc9e920000 - 0x00007ffc9e94d000 	C:\WINDOWS\SYSTEM32\dwmapi.dll
0x00007ffc9cc40000 - 0x00007ffc9d200000 	C:\WINDOWS\SYSTEM32\d2d1.dll
0x00007ffc9e190000 - 0x00007ffc9e21f000 	C:\WINDOWS\SYSTEM32\apphelp.dll
0x00007ffc9e330000 - 0x00007ffc9e3c9000 	C:\WINDOWS\system32\uxtheme.dll
0x00007ffca14f0000 - 0x00007ffca1625000 	C:\WINDOWS\System32\MSCTF.dll
0x00007ffca2ab0000 - 0x00007ffca2c06000 	C:\WINDOWS\System32\ole32.dll
0x00007ffc89b20000 - 0x00007ffc89c76000 	C:\WINDOWS\system32\opengl32.dll
0x00007ffc8a830000 - 0x00007ffc8a85c000 	C:\WINDOWS\SYSTEM32\GLU32.dll
0x00007ffc9eea0000 - 0x00007ffc9eec0000 	C:\WINDOWS\SYSTEM32\dxcore.dll
0x00007ffc83d60000 - 0x00007ffc83de5000 	C:\Program Files\JetBrains\IntelliJ IDEA Community Edition 2019.2.2\jbr\bin\freetype.dll
0x00007ffc75530000 - 0x00007ffc755d8000 	C:\Program Files\JetBrains\IntelliJ IDEA Community Edition 2019.2.2\jbr\bin\fontmanager.dll

dbghelp: loaded successfully - version: 4.0.5 - missing functions: none
symbol engine: initialized successfully - sym options: 0x614 - pdb path: .;C:\Program Files\JetBrains\IntelliJ IDEA Community Edition 2019.2.2\jbr\bin;C:\WINDOWS\SYSTEM32;C:\WINDOWS\WinSxS\amd64_microsoft.windows.common-controls_6595b64144ccf1df_6.0.18362.657_none_e6c5b579130e3898;C:\Program Files\JetBrains\IntelliJ IDEA Community Edition 2019.2.2\jbr\bin\server;C:\Program Files\JetBrains\IntelliJ IDEA Community Edition 2019.2.2\bin

VM Arguments:
jvm_args: -javaagent:C:\Program Files\JetBrains\IntelliJ IDEA Community Edition 2019.2.2\lib\idea_rt.jar=56195:C:\Program Files\JetBrains\IntelliJ IDEA Community Edition 2019.2.2\bin -Dfile.encoding=UTF-8 
java_command: MainKt
java_class_path (initial): C:\Users\enter\IdeaProjects\NekoIDE\out\production\NekoIDE;C:\Users\enter\.IdeaIC2019.3\config\plugins\Kotlin\kotlinc\lib\kotlin-stdlib.jar;C:\Users\enter\.IdeaIC2019.3\config\plugins\Kotlin\kotlinc\lib\kotlin-reflect.jar;C:\Users\enter\.IdeaIC2019.3\config\plugins\Kotlin\kotlinc\lib\kotlin-test.jar;C:\Users\enter\.IdeaIC2019.3\config\plugins\Kotlin\kotlinc\lib\kotlin-stdlib-jdk7.jar;C:\Users\enter\.IdeaIC2019.3\config\plugins\Kotlin\kotlinc\lib\kotlin-stdlib-jdk8.jar
Launcher Type: SUN_STANDARD

[Global flags]
     intx CICompilerCount                          = 4                                         {product} {ergonomic}
     uint ConcGCThreads                            = 2                                         {product} {ergonomic}
     uint G1ConcRefinementThreads                  = 8                                         {product} {ergonomic}
   size_t G1HeapRegionSize                         = 1048576                                   {product} {ergonomic}
    uintx GCDrainStackTargetSize                   = 64                                        {product} {ergonomic}
   size_t InitialHeapSize                          = 134217728                                 {product} {ergonomic}
   size_t MarkStackSize                            = 4194304                                   {product} {ergonomic}
   size_t MaxHeapSize                              = 2124414976                                {product} {ergonomic}
   size_t MaxNewSize                               = 1274019840                                {product} {ergonomic}
   size_t MinHeapDeltaBytes                        = 1048576                                   {product} {ergonomic}
    uintx NonNMethodCodeHeapSize                   = 5836300                                {pd product} {ergonomic}
    uintx NonProfiledCodeHeapSize                  = 122910970                              {pd product} {ergonomic}
    uintx ProfiledCodeHeapSize                     = 122910970                              {pd product} {ergonomic}
    uintx ReservedCodeCacheSize                    = 251658240                              {pd product} {ergonomic}
     bool SegmentedCodeCache                       = true                                      {product} {ergonomic}
     bool UseCompressedClassPointers               = true                                 {lp64_product} {ergonomic}
     bool UseCompressedOops                        = true                                 {lp64_product} {ergonomic}
     bool UseG1GC                                  = true                                      {product} {ergonomic}
     bool UseLargePagesIndividualAllocation        = false                                  {pd product} {ergonomic}

Logging:
Log output configuration:
 #0: stdout all=warning uptime,level,tags
 #1: stderr all=off uptime,level,tags

Environment Variables:
PATH=C:\ProgramData\Oracle\Java\javapath;C:\WINDOWS\system32;C:\WINDOWS;C:\WINDOWS\System32\Wbem;C:\WINDOWS\System32\WindowsPowerShell\v1.0\;C:\Program Files\dotnet\;C:\WINDOWS\System32\OpenSSH\;C:\Program Files\Git\cmd;C:\Users\enter\AppData\Local\Microsoft\WindowsApps;;C:\Users\enter\AppData\Local\Programs\Microsoft VS Code\bin;C:\Program Files\JetBrains\PyCharm Community Edition 2019.2\bin;
USERNAME=enter
OS=Windows_NT
PROCESSOR_IDENTIFIER=Intel64 Family 6 Model 142 Stepping 10, GenuineIntel



---------------  S Y S T E M  ---------------

OS: Windows 10 , 64 bit Build 18362 (10.0.18362.329)

CPU:total 8 (initial active 8) (4 cores per cpu, 2 threads per core) family 6 model 142 stepping 10, cmov, cx8, fxsr, mmx, sse, sse2, sse3, ssse3, sse4.1, sse4.2, popcnt, avx, avx2, aes, clmul, erms, 3dnowpref, lzcnt, ht, tsc, tscinvbit, bmi1, bmi2, adx, fma

Memory: 4k page, system-wide physical 8101M (1035M free)
TotalPageFile size 12197M (AvailPageFile size 5M)
current process WorkingSet (physical memory assigned to process): 73M, peak: 73M
current process commit charge ("private bytes"): 233M, peak: 233M

vm_info: OpenJDK 64-Bit Server VM (11.0.5+10-b520.38) for windows-amd64 JRE (11.0.5+10-b520.38), built on Jan 23 2020 07:58:32 by "" with MS VC++ 14.0 (VS2015)

END.
