#
# There is insufficient memory for the Java Runtime Environment to continue.
# Native memory allocation (mmap) failed to map 234881024 bytes for Failed to commit area from 0x0000000092300000 to 0x00000000a0300000 of length 234881024.
# Possible reasons:
#   The system is out of physical RAM or swap space
#   The process is running with CompressedOops enabled, and the Java Heap may be blocking the growth of the native heap
# Possible solutions:
#   Reduce memory load on the system
#   Increase physical memory or swap space
#   Check if swap backing store is full
#   Decrease Java heap size (-Xmx/-Xms)
#   Decrease number of Java threads
#   Decrease Java thread stack sizes (-Xss)
#   Set larger code cache with -XX:ReservedCodeCacheSize=
#   JVM is running with Unscaled Compressed Oops mode in which the Java heap is
#     placed in the first 4GB address space. The Java Heap base address is the
#     maximum limit for the native heap growth. Please use -XX:HeapBaseMinAddress
#     to set the Java Heap base and to place the Java Heap above 4GB virtual address.
# This output file may be truncated or incomplete.
#
#  Out of Memory Error (c:/BuildAgent/work/5ff2f6c26000d570/src/hotspot/os/windows/os_windows.cpp:3281), pid=3532, tid=11376
#
# JRE version: OpenJDK Runtime Environment (11.0.4+10) (build 11.0.4+10-b304.77)
# Java VM: OpenJDK 64-Bit Server VM (11.0.4+10-b304.77, mixed mode, tiered, compressed oops, g1 gc, windows-amd64)
# No core dump will be written. Minidumps are not enabled by default on client versions of Windows
#

---------------  S U M M A R Y ------------

Command Line: -javaagent:C:\Program Files\JetBrains\IntelliJ IDEA Community Edition 2019.2.2\lib\idea_rt.jar=49580:C:\Program Files\JetBrains\IntelliJ IDEA Community Edition 2019.2.2\bin -Dfile.encoding=UTF-8 MainKt

Host: Intel(R) Core(TM) i7-8550U CPU @ 1.80GHz, 8 cores, 7G,  Windows 10 , 64 bit Build 18362 (10.0.18362.329)
Time: Wed Jan 22 14:37:32 2020 RTZ 2 (ceia) elapsed time: 22 seconds (0d 0h 0m 22s)

---------------  T H R E A D  ---------------

Current thread (0x000001a9bc31a800):  VMThread "VM Thread" [stack: 0x0000007fbf900000,0x0000007fbfa00000] [id=11376]

Stack: [0x0000007fbf900000,0x0000007fbfa00000]
[error occurred during error reporting (printing stack bounds), id 0xc0000005, EXCEPTION_ACCESS_VIOLATION (0xc0000005) at pc=0x000001a9a5320bad]

Native frames: (J=compiled Java code, j=interpreted, Vv=VM code, C=native code)
V  [jvm.dll+0x5db31a]
V  [jvm.dll+0x70c395]
V  [jvm.dll+0x70d8b8]
V  [jvm.dll+0x70dee5]
V  [jvm.dll+0x70de9b]
V  [jvm.dll+0x5daa98]
V  [jvm.dll+0x5daf08]
C  [ntdll.dll+0xa11ff]
C  [ntdll.dll+0x6a289]
C  [ntdll.dll+0x9fe6e]
C  0x000001a9a5320bad

VM_Operation (0x0000007fc09f6c40): G1CollectForAllocation, mode: safepoint, requested by thread 0x000001a9bd379800


---------------  P R O C E S S  ---------------

Threads class SMR info:
_java_thread_list=0x000001a9bf238fc0, length=17, elements={
0x000001a9bc33d000, 0x000001a9bc33e000, 0x000001a9bcba8800, 0x000001a9bcbaa000,
0x000001a9bcbac000, 0x000001a9bcbb0000, 0x000001a9bcbb7000, 0x000001a9bcd2e000,
0x000001a9bceff800, 0x000001a9bcf0a000, 0x000001a9bd288000, 0x000001a9bd299000,
0x000001a9bd2b8000, 0x000001a9bd379800, 0x000001a9a13b8800, 0x000001a9bee4d000,
0x000001a9bf231000
}

Java Threads: ( => current thread )
  0x000001a9bc33d000 JavaThread "Reference Handler" daemon [_thread_blocked, id=12872, stack(0x0000007fbfa00000,0x0000007fbfb00000)]
  0x000001a9bc33e000 JavaThread "Finalizer" daemon [_thread_blocked, id=8744, stack(0x0000007fbfb00000,0x0000007fbfc00000)]
  0x000001a9bcba8800 JavaThread "Signal Dispatcher" daemon [_thread_blocked, id=3640, stack(0x0000007fbfc00000,0x0000007fbfd00000)]
  0x000001a9bcbaa000 JavaThread "Attach Listener" daemon [_thread_blocked, id=12616, stack(0x0000007fbfd00000,0x0000007fbfe00000)]
  0x000001a9bcbac000 JavaThread "C2 CompilerThread0" daemon [_thread_in_native, id=5952, stack(0x0000007fbfe00000,0x0000007fbff00000)]
  0x000001a9bcbb0000 JavaThread "C1 CompilerThread0" daemon [_thread_blocked, id=12568, stack(0x0000007fbff00000,0x0000007fc0000000)]
  0x000001a9bcbb7000 JavaThread "Sweeper thread" daemon [_thread_blocked, id=10968, stack(0x0000007fc0000000,0x0000007fc0100000)]
  0x000001a9bcd2e000 JavaThread "Common-Cleaner" daemon [_thread_blocked, id=12348, stack(0x0000007fc0100000,0x0000007fc0200000)]
  0x000001a9bceff800 JavaThread "Monitor Ctrl-Break" daemon [_thread_in_native, id=14500, stack(0x0000007fc0300000,0x0000007fc0400000)]
  0x000001a9bcf0a000 JavaThread "Service Thread" daemon [_thread_blocked, id=15856, stack(0x0000007fc0400000,0x0000007fc0500000)]
  0x000001a9bd288000 JavaThread "Java2D Disposer" daemon [_thread_blocked, id=14552, stack(0x0000007fc0600000,0x0000007fc0700000)]
  0x000001a9bd299000 JavaThread "AWT-Shutdown" [_thread_blocked, id=6740, stack(0x0000007fc0700000,0x0000007fc0800000)]
  0x000001a9bd2b8000 JavaThread "AWT-Windows" daemon [_thread_blocked, id=11576, stack(0x0000007fc0800000,0x0000007fc0900000)]
  0x000001a9bd379800 JavaThread "AWT-EventQueue-0" [_thread_blocked, id=14260, stack(0x0000007fc0900000,0x0000007fc0a00000)]
  0x000001a9a13b8800 JavaThread "DestroyJavaVM" [_thread_blocked, id=14608, stack(0x0000007fbf300000,0x0000007fbf400000)]
  0x000001a9bee4d000 JavaThread "TimerQueue" daemon [_thread_blocked, id=2572, stack(0x0000007fc0a00000,0x0000007fc0b00000)]
  0x000001a9bf231000 JavaThread "C2 CompilerThread1" daemon [_thread_in_native, id=13328, stack(0x0000007fc1200000,0x0000007fc1300000)]

Other Threads:
=>0x000001a9bc31a800 VMThread "VM Thread" [stack: 0x0000007fbf900000,0x0000007fbfa00000] [id=11376]
  0x000001a9bcf04800 WatcherThread [stack: 0x0000007fc0500000,0x0000007fc0600000] [id=10264]
  0x000001a9a13d0800 GCTaskThread "GC Thread#0" [stack: 0x0000007fbf400000,0x0000007fbf500000] [id=16128]
  0x000001a9bcc8d000 GCTaskThread "GC Thread#1" [stack: 0x0000007fc0200000,0x0000007fc0300000] [id=15812]
  0x000001a9bcc89800 GCTaskThread "GC Thread#2" [stack: 0x0000007fc0e00000,0x0000007fc0f00000] [id=11120]
  0x000001a9bcc8f800 GCTaskThread "GC Thread#3" [stack: 0x0000007fc0f00000,0x0000007fc1000000] [id=15092]
  0x000001a9bcc89000 GCTaskThread "GC Thread#4" [stack: 0x0000007fc1000000,0x0000007fc1100000] [id=15916]
  0x000001a9bcc8b800 GCTaskThread "GC Thread#5" [stack: 0x0000007fc1100000,0x0000007fc1200000] [id=5284]
  0x000001a9a1401800 ConcurrentGCThread "G1 Main Marker" [stack: 0x0000007fbf500000,0x0000007fbf600000] [id=13144]
  0x000001a9a1403800 ConcurrentGCThread "G1 Conc#0" [stack: 0x0000007fbf600000,0x0000007fbf700000] [id=7928]
  0x000001a9a148e000 ConcurrentGCThread "G1 Refine#0" [stack: 0x0000007fbf700000,0x0000007fbf800000] [id=15740]
  0x000001a9bc17a800 ConcurrentGCThread "G1 Young RemSet Sampling" [stack: 0x0000007fbf800000,0x0000007fbf900000] [id=3244]

Threads with active compile tasks:
C2 CompilerThread03379       4       javax.swing.text.BoxView::layoutMinorAxis (102 bytes)
C2 CompilerThread13375  s    4       javax.swing.text.StyleContext::addAttributes (78 bytes)

VM state:at safepoint (normal execution)

VM Mutex/Monitor currently owned by a thread:  ([mutex/lock_event])
[0x000001a9a13b65a0] Threads_lock - owner thread: 0x000001a9bc31a800
[0x000001a9a13b7680] Heap_lock - owner thread: 0x000001a9bd379800

Heap address: 0x0000000081600000, size: 2026 MB, Compressed Oops mode: 32-bit
Narrow klass base: 0x0000000000000000, Narrow klass shift: 3
Compressed class space size: 1073741824 Address: 0x0000000100000000

Heap:
 garbage-first heap   total 504832K, used 13764K [0x0000000081600000, 0x0000000100000000)
  region size 1024K, 1 young (1024K), 1 survivors (1024K)
 Metaspace       used 19738K, capacity 20179K, committed 20352K, reserved 1067008K
  class space    used 1944K, capacity 2135K, committed 2176K, reserved 1048576K
Heap Regions: E=young(eden), S=young(survivor), O=old, HS=humongous(starts), HC=humongous(continues), CS=collection set, F=free, A=archive, TAMS=top-at-mark-start (previous, next)
|   0|0x0000000081600000, 0x0000000081700000, 0x0000000081700000|100%| O|  |TAMS 0x0000000081600000, 0x0000000081600000| Untracked 
|   1|0x0000000081700000, 0x0000000081800000, 0x0000000081800000|100%|HS|  |TAMS 0x0000000081700000, 0x0000000081700000| Complete 
|   2|0x0000000081800000, 0x0000000081900000, 0x0000000081900000|100%|HC|  |TAMS 0x0000000081800000, 0x0000000081800000| Complete 
|   3|0x0000000081900000, 0x0000000081a00000, 0x0000000081a00000|100%|HC|  |TAMS 0x0000000081900000, 0x0000000081900000| Complete 
|   4|0x0000000081a00000, 0x0000000081b00000, 0x0000000081b00000|100%|HC|  |TAMS 0x0000000081a00000, 0x0000000081a00000| Complete 
|   5|0x0000000081b00000, 0x0000000081c00000, 0x0000000081c00000|100%|HC|  |TAMS 0x0000000081b00000, 0x0000000081b00000| Complete 
|   6|0x0000000081c00000, 0x0000000081d00000, 0x0000000081d00000|100%|HC|  |TAMS 0x0000000081c00000, 0x0000000081c00000| Complete 
|   7|0x0000000081d00000, 0x0000000081e00000, 0x0000000081e00000|100%|HC|  |TAMS 0x0000000081d00000, 0x0000000081d00000| Complete 
|   8|0x0000000081e00000, 0x0000000081f00000, 0x0000000081f00000|100%|HC|  |TAMS 0x0000000081e00000, 0x0000000081e00000| Complete 
|   9|0x0000000081f00000, 0x0000000082000000, 0x0000000082000000|100%| O|  |TAMS 0x0000000081f00000, 0x0000000081f00000| Untracked 
|  10|0x0000000082000000, 0x0000000082100000, 0x0000000082100000|100%| O|  |TAMS 0x0000000082000000, 0x0000000082000000| Untracked 
|  11|0x0000000082100000, 0x0000000082200000, 0x0000000082200000|100%| O|  |TAMS 0x0000000082100000, 0x0000000082100000| Untracked 
|  12|0x0000000082200000, 0x000000008229e200, 0x0000000082300000| 61%| O|  |TAMS 0x0000000082200000, 0x0000000082200000| Untracked 
|  13|0x0000000082300000, 0x0000000082300000, 0x0000000082400000|  0%| F|  |TAMS 0x0000000082300000, 0x0000000082300000| Untracked 
|  14|0x0000000082400000, 0x0000000082400000, 0x0000000082500000|  0%| F|  |TAMS 0x0000000082400000, 0x0000000082400000| Untracked 
|  15|0x0000000082500000, 0x0000000082500000, 0x0000000082600000|  0%| F|  |TAMS 0x0000000082500000, 0x0000000082500000| Untracked 
|  16|0x0000000082600000, 0x0000000082600000, 0x0000000082700000|  0%| F|  |TAMS 0x0000000082600000, 0x0000000082600000| Untracked 
|  17|0x0000000082700000, 0x0000000082700000, 0x0000000082800000|  0%| F|  |TAMS 0x0000000082700000, 0x0000000082700000| Untracked 
|  18|0x0000000082800000, 0x0000000082800000, 0x0000000082900000|  0%| F|  |TAMS 0x0000000082800000, 0x0000000082800000| Untracked 
|  19|0x0000000082900000, 0x0000000082900000, 0x0000000082a00000|  0%| F|  |TAMS 0x0000000082900000, 0x0000000082900000| Untracked 
|  20|0x0000000082a00000, 0x0000000082a00000, 0x0000000082b00000|  0%| F|  |TAMS 0x0000000082a00000, 0x0000000082a00000| Untracked 
|  21|0x0000000082b00000, 0x0000000082b00000, 0x0000000082c00000|  0%| F|  |TAMS 0x0000000082b00000, 0x0000000082b00000| Untracked 
|  22|0x0000000082c00000, 0x0000000082c00000, 0x0000000082d00000|  0%| F|  |TAMS 0x0000000082c00000, 0x0000000082c00000| Untracked 
|  23|0x0000000082d00000, 0x0000000082d00000, 0x0000000082e00000|  0%| F|  |TAMS 0x0000000082d00000, 0x0000000082d00000| Untracked 
|  24|0x0000000082e00000, 0x0000000082e00000, 0x0000000082f00000|  0%| F|  |TAMS 0x0000000082e00000, 0x0000000082e00000| Untracked 
|  25|0x0000000082f00000, 0x0000000082f00000, 0x0000000083000000|  0%| F|  |TAMS 0x0000000082f00000, 0x0000000082f00000| Untracked 
|  26|0x0000000083000000, 0x0000000083000000, 0x0000000083100000|  0%| F|  |TAMS 0x0000000083000000, 0x0000000083000000| Untracked 
|  27|0x0000000083100000, 0x0000000083100000, 0x0000000083200000|  0%| F|  |TAMS 0x0000000083100000, 0x0000000083100000| Untracked 
|  28|0x0000000083200000, 0x0000000083200000, 0x0000000083300000|  0%| F|  |TAMS 0x0000000083200000, 0x0000000083200000| Untracked 
|  29|0x0000000083300000, 0x0000000083300000, 0x0000000083400000|  0%| F|  |TAMS 0x0000000083300000, 0x0000000083300000| Untracked 
|  30|0x0000000083400000, 0x0000000083400000, 0x0000000083500000|  0%| F|  |TAMS 0x0000000083400000, 0x0000000083400000| Untracked 
|  31|0x0000000083500000, 0x0000000083500000, 0x0000000083600000|  0%| F|  |TAMS 0x0000000083500000, 0x0000000083500000| Untracked 
|  32|0x0000000083600000, 0x0000000083600000, 0x0000000083700000|  0%| F|  |TAMS 0x0000000083600000, 0x0000000083600000| Untracked 
|  33|0x0000000083700000, 0x0000000083700000, 0x0000000083800000|  0%| F|  |TAMS 0x0000000083700000, 0x0000000083700000| Untracked 
|  34|0x0000000083800000, 0x0000000083800000, 0x0000000083900000|  0%| F|  |TAMS 0x0000000083800000, 0x0000000083800000| Untracked 
|  35|0x0000000083900000, 0x0000000083900000, 0x0000000083a00000|  0%| F|  |TAMS 0x0000000083900000, 0x0000000083900000| Untracked 
|  36|0x0000000083a00000, 0x0000000083a00000, 0x0000000083b00000|  0%| F|  |TAMS 0x0000000083a00000, 0x0000000083a00000| Untracked 
|  37|0x0000000083b00000, 0x0000000083b00000, 0x0000000083c00000|  0%| F|  |TAMS 0x0000000083b00000, 0x0000000083b00000| Untracked 
|  38|0x0000000083c00000, 0x0000000083c00000, 0x0000000083d00000|  0%| F|  |TAMS 0x0000000083c00000, 0x0000000083c00000| Untracked 
|  39|0x0000000083d00000, 0x0000000083d00000, 0x0000000083e00000|  0%| F|  |TAMS 0x0000000083d00000, 0x0000000083d00000| Untracked 
|  40|0x0000000083e00000, 0x0000000083e00000, 0x0000000083f00000|  0%| F|  |TAMS 0x0000000083e00000, 0x0000000083e00000| Untracked 
|  41|0x0000000083f00000, 0x0000000083f00000, 0x0000000084000000|  0%| F|  |TAMS 0x0000000083f00000, 0x0000000083f00000| Untracked 
|  42|0x0000000084000000, 0x0000000084000000, 0x0000000084100000|  0%| F|  |TAMS 0x0000000084000000, 0x0000000084000000| Untracked 
|  43|0x0000000084100000, 0x0000000084100000, 0x0000000084200000|  0%| F|  |TAMS 0x0000000084100000, 0x0000000084100000| Untracked 
|  44|0x0000000084200000, 0x0000000084200000, 0x0000000084300000|  0%| F|  |TAMS 0x0000000084200000, 0x0000000084200000| Untracked 
|  45|0x0000000084300000, 0x0000000084300000, 0x0000000084400000|  0%| F|  |TAMS 0x0000000084300000, 0x0000000084300000| Untracked 
|  46|0x0000000084400000, 0x0000000084400000, 0x0000000084500000|  0%| F|  |TAMS 0x0000000084400000, 0x0000000084400000| Untracked 
|  47|0x0000000084500000, 0x0000000084500000, 0x0000000084600000|  0%| F|  |TAMS 0x0000000084500000, 0x0000000084500000| Untracked 
|  48|0x0000000084600000, 0x0000000084600000, 0x0000000084700000|  0%| F|  |TAMS 0x0000000084600000, 0x0000000084600000| Untracked 
|  49|0x0000000084700000, 0x0000000084700000, 0x0000000084800000|  0%| F|  |TAMS 0x0000000084700000, 0x0000000084700000| Untracked 
|  50|0x0000000084800000, 0x0000000084800000, 0x0000000084900000|  0%| F|  |TAMS 0x0000000084800000, 0x0000000084800000| Untracked 
|  51|0x0000000084900000, 0x0000000084900000, 0x0000000084a00000|  0%| F|  |TAMS 0x0000000084900000, 0x0000000084900000| Untracked 
|  52|0x0000000084a00000, 0x0000000084a00000, 0x0000000084b00000|  0%| F|  |TAMS 0x0000000084a00000, 0x0000000084a00000| Untracked 
|  53|0x0000000084b00000, 0x0000000084b00000, 0x0000000084c00000|  0%| F|  |TAMS 0x0000000084b00000, 0x0000000084b00000| Untracked 
|  54|0x0000000084c00000, 0x0000000084c00000, 0x0000000084d00000|  0%| F|  |TAMS 0x0000000084c00000, 0x0000000084c00000| Untracked 
|  55|0x0000000084d00000, 0x0000000084d00000, 0x0000000084e00000|  0%| F|  |TAMS 0x0000000084d00000, 0x0000000084d00000| Untracked 
|  56|0x0000000084e00000, 0x0000000084e00000, 0x0000000084f00000|  0%| F|  |TAMS 0x0000000084e00000, 0x0000000084e00000| Untracked 
|  57|0x0000000084f00000, 0x0000000084f00000, 0x0000000085000000|  0%| F|  |TAMS 0x0000000084f00000, 0x0000000084f00000| Untracked 
|  58|0x0000000085000000, 0x0000000085000000, 0x0000000085100000|  0%| F|  |TAMS 0x0000000085000000, 0x0000000085000000| Untracked 
|  59|0x0000000085100000, 0x0000000085100000, 0x0000000085200000|  0%| F|  |TAMS 0x0000000085100000, 0x0000000085100000| Untracked 
|  60|0x0000000085200000, 0x0000000085200000, 0x0000000085300000|  0%| F|  |TAMS 0x0000000085200000, 0x0000000085200000| Untracked 
|  61|0x0000000085300000, 0x0000000085300000, 0x0000000085400000|  0%| F|  |TAMS 0x0000000085300000, 0x0000000085300000| Untracked 
|  62|0x0000000085400000, 0x0000000085400000, 0x0000000085500000|  0%| F|  |TAMS 0x0000000085400000, 0x0000000085400000| Untracked 
|  63|0x0000000085500000, 0x0000000085500000, 0x0000000085600000|  0%| F|  |TAMS 0x0000000085500000, 0x0000000085500000| Untracked 
|  64|0x0000000085600000, 0x0000000085600000, 0x0000000085700000|  0%| F|  |TAMS 0x0000000085600000, 0x0000000085600000| Untracked 
|  65|0x0000000085700000, 0x0000000085700000, 0x0000000085800000|  0%| F|  |TAMS 0x0000000085700000, 0x0000000085700000| Untracked 
|  66|0x0000000085800000, 0x0000000085800000, 0x0000000085900000|  0%| F|  |TAMS 0x0000000085800000, 0x0000000085800000| Untracked 
|  67|0x0000000085900000, 0x0000000085900000, 0x0000000085a00000|  0%| F|  |TAMS 0x0000000085900000, 0x0000000085900000| Untracked 
|  68|0x0000000085a00000, 0x0000000085a00000, 0x0000000085b00000|  0%| F|  |TAMS 0x0000000085a00000, 0x0000000085a00000| Untracked 
|  69|0x0000000085b00000, 0x0000000085b00000, 0x0000000085c00000|  0%| F|  |TAMS 0x0000000085b00000, 0x0000000085b00000| Untracked 
|  70|0x0000000085c00000, 0x0000000085c00000, 0x0000000085d00000|  0%| F|  |TAMS 0x0000000085c00000, 0x0000000085c00000| Untracked 
|  71|0x0000000085d00000, 0x0000000085d00000, 0x0000000085e00000|  0%| F|  |TAMS 0x0000000085d00000, 0x0000000085d00000| Untracked 
|  72|0x0000000085e00000, 0x0000000085e00000, 0x0000000085f00000|  0%| F|  |TAMS 0x0000000085e00000, 0x0000000085e00000| Untracked 
|  73|0x0000000085f00000, 0x0000000085f00000, 0x0000000086000000|  0%| F|  |TAMS 0x0000000085f00000, 0x0000000085f00000| Untracked 
|  74|0x0000000086000000, 0x0000000086000000, 0x0000000086100000|  0%| F|  |TAMS 0x0000000086000000, 0x0000000086000000| Untracked 
|  75|0x0000000086100000, 0x0000000086100000, 0x0000000086200000|  0%| F|  |TAMS 0x0000000086100000, 0x0000000086100000| Untracked 
|  76|0x0000000086200000, 0x0000000086200000, 0x0000000086300000|  0%| F|  |TAMS 0x0000000086200000, 0x0000000086200000| Untracked 
|  77|0x0000000086300000, 0x0000000086300000, 0x0000000086400000|  0%| F|  |TAMS 0x0000000086300000, 0x0000000086300000| Untracked 
|  78|0x0000000086400000, 0x0000000086400000, 0x0000000086500000|  0%| F|  |TAMS 0x0000000086400000, 0x0000000086400000| Untracked 
|  79|0x0000000086500000, 0x0000000086500000, 0x0000000086600000|  0%| F|  |TAMS 0x0000000086500000, 0x0000000086500000| Untracked 
|  80|0x0000000086600000, 0x0000000086600000, 0x0000000086700000|  0%| F|  |TAMS 0x0000000086600000, 0x0000000086600000| Untracked 
|  81|0x0000000086700000, 0x0000000086700000, 0x0000000086800000|  0%| F|  |TAMS 0x0000000086700000, 0x0000000086700000| Untracked 
|  82|0x0000000086800000, 0x0000000086800000, 0x0000000086900000|  0%| F|  |TAMS 0x0000000086800000, 0x0000000086800000| Untracked 
|  83|0x0000000086900000, 0x0000000086900000, 0x0000000086a00000|  0%| F|  |TAMS 0x0000000086900000, 0x0000000086900000| Untracked 
|  84|0x0000000086a00000, 0x0000000086a00000, 0x0000000086b00000|  0%| F|  |TAMS 0x0000000086a00000, 0x0000000086a00000| Untracked 
|  85|0x0000000086b00000, 0x0000000086b00000, 0x0000000086c00000|  0%| F|  |TAMS 0x0000000086b00000, 0x0000000086b00000| Untracked 
|  86|0x0000000086c00000, 0x0000000086c00000, 0x0000000086d00000|  0%| F|  |TAMS 0x0000000086c00000, 0x0000000086c00000| Untracked 
|  87|0x0000000086d00000, 0x0000000086d00000, 0x0000000086e00000|  0%| F|  |TAMS 0x0000000086d00000, 0x0000000086d00000| Untracked 
|  88|0x0000000086e00000, 0x0000000086e00000, 0x0000000086f00000|  0%| F|  |TAMS 0x0000000086e00000, 0x0000000086e00000| Untracked 
|  89|0x0000000086f00000, 0x0000000086f00000, 0x0000000087000000|  0%| F|  |TAMS 0x0000000086f00000, 0x0000000086f00000| Untracked 
|  90|0x0000000087000000, 0x0000000087000000, 0x0000000087100000|  0%| F|  |TAMS 0x0000000087000000, 0x0000000087000000| Untracked 
|  91|0x0000000087100000, 0x0000000087100000, 0x0000000087200000|  0%| F|  |TAMS 0x0000000087100000, 0x0000000087100000| Untracked 
|  92|0x0000000087200000, 0x0000000087200000, 0x0000000087300000|  0%| F|  |TAMS 0x0000000087200000, 0x0000000087200000| Untracked 
|  93|0x0000000087300000, 0x0000000087300000, 0x0000000087400000|  0%| F|  |TAMS 0x0000000087300000, 0x0000000087300000| Untracked 
|  94|0x0000000087400000, 0x0000000087400000, 0x0000000087500000|  0%| F|  |TAMS 0x0000000087400000, 0x0000000087400000| Untracked 
|  95|0x0000000087500000, 0x0000000087500000, 0x0000000087600000|  0%| F|  |TAMS 0x0000000087500000, 0x0000000087500000| Untracked 
|  96|0x0000000087600000, 0x0000000087600000, 0x0000000087700000|  0%| F|  |TAMS 0x0000000087600000, 0x0000000087600000| Untracked 
|  97|0x0000000087700000, 0x0000000087700000, 0x0000000087800000|  0%| F|  |TAMS 0x0000000087700000, 0x0000000087700000| Untracked 
|  98|0x0000000087800000, 0x0000000087800000, 0x0000000087900000|  0%| F|  |TAMS 0x0000000087800000, 0x0000000087800000| Untracked 
|  99|0x0000000087900000, 0x0000000087900000, 0x0000000087a00000|  0%| F|  |TAMS 0x0000000087900000, 0x0000000087900000| Untracked 
| 100|0x0000000087a00000, 0x0000000087a00000, 0x0000000087b00000|  0%| F|  |TAMS 0x0000000087a00000, 0x0000000087a00000| Untracked 
| 101|0x0000000087b00000, 0x0000000087b00000, 0x0000000087c00000|  0%| F|  |TAMS 0x0000000087b00000, 0x0000000087b00000| Untracked 
| 102|0x0000000087c00000, 0x0000000087c00000, 0x0000000087d00000|  0%| F|  |TAMS 0x0000000087c00000, 0x0000000087c00000| Untracked 
| 103|0x0000000087d00000, 0x0000000087d00000, 0x0000000087e00000|  0%| F|  |TAMS 0x0000000087d00000, 0x0000000087d00000| Untracked 
| 104|0x0000000087e00000, 0x0000000087e00000, 0x0000000087f00000|  0%| F|  |TAMS 0x0000000087e00000, 0x0000000087e00000| Untracked 
| 105|0x0000000087f00000, 0x0000000087f00000, 0x0000000088000000|  0%| F|  |TAMS 0x0000000087f00000, 0x0000000087f00000| Untracked 
| 106|0x0000000088000000, 0x0000000088000000, 0x0000000088100000|  0%| F|  |TAMS 0x0000000088000000, 0x0000000088000000| Untracked 
| 107|0x0000000088100000, 0x00000000881d3100, 0x0000000088200000| 82%| S|CS|TAMS 0x0000000088100000, 0x0000000088100000| Complete 
| 108|0x0000000088200000, 0x0000000088200000, 0x0000000088300000|  0%| F|  |TAMS 0x0000000088200000, 0x0000000088200000| Untracked 
| 109|0x0000000088300000, 0x0000000088300000, 0x0000000088400000|  0%| F|  |TAMS 0x0000000088300000, 0x0000000088300000| Untracked 
| 110|0x0000000088400000, 0x0000000088400000, 0x0000000088500000|  0%| F|  |TAMS 0x0000000088400000, 0x0000000088400000| Untracked 
| 111|0x0000000088500000, 0x0000000088500000, 0x0000000088600000|  0%| F|  |TAMS 0x0000000088500000, 0x0000000088500000| Untracked 
| 112|0x0000000088600000, 0x0000000088600000, 0x0000000088700000|  0%| F|  |TAMS 0x0000000088600000, 0x0000000088600000| Untracked 
| 113|0x0000000088700000, 0x0000000088700000, 0x0000000088800000|  0%| F|  |TAMS 0x0000000088700000, 0x0000000088700000| Untracked 
| 114|0x0000000088800000, 0x0000000088800000, 0x0000000088900000|  0%| F|  |TAMS 0x0000000088800000, 0x0000000088800000| Untracked 
| 115|0x0000000088900000, 0x0000000088900000, 0x0000000088a00000|  0%| F|  |TAMS 0x0000000088900000, 0x0000000088900000| Untracked 
| 116|0x0000000088a00000, 0x0000000088a00000, 0x0000000088b00000|  0%| F|  |TAMS 0x0000000088a00000, 0x0000000088a00000| Untracked 
| 117|0x0000000088b00000, 0x0000000088b00000, 0x0000000088c00000|  0%| F|  |TAMS 0x0000000088b00000, 0x0000000088b00000| Untracked 
| 118|0x0000000088c00000, 0x0000000088c00000, 0x0000000088d00000|  0%| F|  |TAMS 0x0000000088c00000, 0x0000000088c00000| Untracked 
| 119|0x0000000088d00000, 0x0000000088d00000, 0x0000000088e00000|  0%| F|  |TAMS 0x0000000088d00000, 0x0000000088d00000| Untracked 
| 120|0x0000000088e00000, 0x0000000088e00000, 0x0000000088f00000|  0%| F|  |TAMS 0x0000000088e00000, 0x0000000088e00000| Untracked 
| 121|0x0000000088f00000, 0x0000000088f00000, 0x0000000089000000|  0%| F|  |TAMS 0x0000000088f00000, 0x0000000088f00000| Untracked 
| 122|0x0000000089000000, 0x0000000089000000, 0x0000000089100000|  0%| F|  |TAMS 0x0000000089000000, 0x0000000089000000| Untracked 
| 123|0x0000000089100000, 0x0000000089100000, 0x0000000089200000|  0%| F|  |TAMS 0x0000000089100000, 0x0000000089100000| Untracked 
| 124|0x0000000089200000, 0x0000000089200000, 0x0000000089300000|  0%| F|  |TAMS 0x0000000089200000, 0x0000000089200000| Untracked 
| 125|0x0000000089300000, 0x0000000089300000, 0x0000000089400000|  0%| F|  |TAMS 0x0000000089300000, 0x0000000089300000| Untracked 
| 126|0x0000000089400000, 0x0000000089400000, 0x0000000089500000|  0%| F|  |TAMS 0x0000000089400000, 0x0000000089400000| Untracked 
| 127|0x0000000089500000, 0x0000000089500000, 0x0000000089600000|  0%| F|  |TAMS 0x0000000089500000, 0x0000000089500000| Untracked 
| 128|0x0000000089600000, 0x0000000089600000, 0x0000000089700000|  0%| F|  |TAMS 0x0000000089600000, 0x0000000089600000| Untracked 
| 129|0x0000000089700000, 0x0000000089700000, 0x0000000089800000|  0%| F|  |TAMS 0x0000000089700000, 0x0000000089700000| Untracked 
| 130|0x0000000089800000, 0x0000000089800000, 0x0000000089900000|  0%| F|  |TAMS 0x0000000089800000, 0x0000000089800000| Untracked 
| 131|0x0000000089900000, 0x0000000089900000, 0x0000000089a00000|  0%| F|  |TAMS 0x0000000089900000, 0x0000000089900000| Untracked 
| 132|0x0000000089a00000, 0x0000000089a00000, 0x0000000089b00000|  0%| F|  |TAMS 0x0000000089a00000, 0x0000000089a00000| Untracked 
| 133|0x0000000089b00000, 0x0000000089b00000, 0x0000000089c00000|  0%| F|  |TAMS 0x0000000089b00000, 0x0000000089b00000| Untracked 
| 134|0x0000000089c00000, 0x0000000089c00000, 0x0000000089d00000|  0%| F|  |TAMS 0x0000000089c00000, 0x0000000089c00000| Untracked 
| 135|0x0000000089d00000, 0x0000000089d00000, 0x0000000089e00000|  0%| F|  |TAMS 0x0000000089d00000, 0x0000000089d00000| Untracked 
| 136|0x0000000089e00000, 0x0000000089e00000, 0x0000000089f00000|  0%| F|  |TAMS 0x0000000089e00000, 0x0000000089e00000| Untracked 
| 137|0x0000000089f00000, 0x0000000089f00000, 0x000000008a000000|  0%| F|  |TAMS 0x0000000089f00000, 0x0000000089f00000| Untracked 
| 138|0x000000008a000000, 0x000000008a000000, 0x000000008a100000|  0%| F|  |TAMS 0x000000008a000000, 0x000000008a000000| Untracked 
| 139|0x000000008a100000, 0x000000008a100000, 0x000000008a200000|  0%| F|  |TAMS 0x000000008a100000, 0x000000008a100000| Untracked 
| 140|0x000000008a200000, 0x000000008a200000, 0x000000008a300000|  0%| F|  |TAMS 0x000000008a200000, 0x000000008a200000| Untracked 
| 141|0x000000008a300000, 0x000000008a300000, 0x000000008a400000|  0%| F|  |TAMS 0x000000008a300000, 0x000000008a300000| Untracked 
| 142|0x000000008a400000, 0x000000008a400000, 0x000000008a500000|  0%| F|  |TAMS 0x000000008a400000, 0x000000008a400000| Untracked 
| 143|0x000000008a500000, 0x000000008a500000, 0x000000008a600000|  0%| F|  |TAMS 0x000000008a500000, 0x000000008a500000| Untracked 
| 144|0x000000008a600000, 0x000000008a600000, 0x000000008a700000|  0%| F|  |TAMS 0x000000008a600000, 0x000000008a600000| Untracked 
| 145|0x000000008a700000, 0x000000008a700000, 0x000000008a800000|  0%| F|  |TAMS 0x000000008a700000, 0x000000008a700000| Untracked 
| 146|0x000000008a800000, 0x000000008a800000, 0x000000008a900000|  0%| F|  |TAMS 0x000000008a800000, 0x000000008a800000| Untracked 
| 147|0x000000008a900000, 0x000000008a900000, 0x000000008aa00000|  0%| F|  |TAMS 0x000000008a900000, 0x000000008a900000| Untracked 
| 148|0x000000008aa00000, 0x000000008aa00000, 0x000000008ab00000|  0%| F|  |TAMS 0x000000008aa00000, 0x000000008aa00000| Untracked 
| 149|0x000000008ab00000, 0x000000008ab00000, 0x000000008ac00000|  0%| F|  |TAMS 0x000000008ab00000, 0x000000008ab00000| Untracked 
| 150|0x000000008ac00000, 0x000000008ac00000, 0x000000008ad00000|  0%| F|  |TAMS 0x000000008ac00000, 0x000000008ac00000| Untracked 
| 151|0x000000008ad00000, 0x000000008ad00000, 0x000000008ae00000|  0%| F|  |TAMS 0x000000008ad00000, 0x000000008ad00000| Untracked 
| 152|0x000000008ae00000, 0x000000008ae00000, 0x000000008af00000|  0%| F|  |TAMS 0x000000008ae00000, 0x000000008ae00000| Untracked 
| 153|0x000000008af00000, 0x000000008af00000, 0x000000008b000000|  0%| F|  |TAMS 0x000000008af00000, 0x000000008af00000| Untracked 
| 154|0x000000008b000000, 0x000000008b000000, 0x000000008b100000|  0%| F|  |TAMS 0x000000008b000000, 0x000000008b000000| Untracked 
| 155|0x000000008b100000, 0x000000008b100000, 0x000000008b200000|  0%| F|  |TAMS 0x000000008b100000, 0x000000008b100000| Untracked 
| 156|0x000000008b200000, 0x000000008b200000, 0x000000008b300000|  0%| F|  |TAMS 0x000000008b200000, 0x000000008b200000| Untracked 
| 157|0x000000008b300000, 0x000000008b300000, 0x000000008b400000|  0%| F|  |TAMS 0x000000008b300000, 0x000000008b300000| Untracked 
| 158|0x000000008b400000, 0x000000008b400000, 0x000000008b500000|  0%| F|  |TAMS 0x000000008b400000, 0x000000008b400000| Untracked 
| 159|0x000000008b500000, 0x000000008b500000, 0x000000008b600000|  0%| F|  |TAMS 0x000000008b500000, 0x000000008b500000| Untracked 
| 160|0x000000008b600000, 0x000000008b600000, 0x000000008b700000|  0%| F|  |TAMS 0x000000008b600000, 0x000000008b600000| Untracked 
| 161|0x000000008b700000, 0x000000008b700000, 0x000000008b800000|  0%| F|  |TAMS 0x000000008b700000, 0x000000008b700000| Untracked 
| 162|0x000000008b800000, 0x000000008b800000, 0x000000008b900000|  0%| F|  |TAMS 0x000000008b800000, 0x000000008b800000| Untracked 
| 163|0x000000008b900000, 0x000000008b900000, 0x000000008ba00000|  0%| F|  |TAMS 0x000000008b900000, 0x000000008b900000| Untracked 
| 164|0x000000008ba00000, 0x000000008ba00000, 0x000000008bb00000|  0%| F|  |TAMS 0x000000008ba00000, 0x000000008ba00000| Untracked 
| 165|0x000000008bb00000, 0x000000008bb00000, 0x000000008bc00000|  0%| F|  |TAMS 0x000000008bb00000, 0x000000008bb00000| Untracked 
| 166|0x000000008bc00000, 0x000000008bc00000, 0x000000008bd00000|  0%| F|  |TAMS 0x000000008bc00000, 0x000000008bc00000| Untracked 
| 167|0x000000008bd00000, 0x000000008bd00000, 0x000000008be00000|  0%| F|  |TAMS 0x000000008bd00000, 0x000000008bd00000| Untracked 
| 168|0x000000008be00000, 0x000000008be00000, 0x000000008bf00000|  0%| F|  |TAMS 0x000000008be00000, 0x000000008be00000| Untracked 
| 169|0x000000008bf00000, 0x000000008bf00000, 0x000000008c000000|  0%| F|  |TAMS 0x000000008bf00000, 0x000000008bf00000| Untracked 
| 170|0x000000008c000000, 0x000000008c000000, 0x000000008c100000|  0%| F|  |TAMS 0x000000008c000000, 0x000000008c000000| Untracked 
| 171|0x000000008c100000, 0x000000008c100000, 0x000000008c200000|  0%| F|  |TAMS 0x000000008c100000, 0x000000008c100000| Untracked 
| 172|0x000000008c200000, 0x000000008c200000, 0x000000008c300000|  0%| F|  |TAMS 0x000000008c200000, 0x000000008c200000| Untracked 
| 173|0x000000008c300000, 0x000000008c300000, 0x000000008c400000|  0%| F|  |TAMS 0x000000008c300000, 0x000000008c300000| Untracked 
| 174|0x000000008c400000, 0x000000008c400000, 0x000000008c500000|  0%| F|  |TAMS 0x000000008c400000, 0x000000008c400000| Untracked 
| 175|0x000000008c500000, 0x000000008c500000, 0x000000008c600000|  0%| F|  |TAMS 0x000000008c500000, 0x000000008c500000| Untracked 
| 176|0x000000008c600000, 0x000000008c600000, 0x000000008c700000|  0%| F|  |TAMS 0x000000008c600000, 0x000000008c600000| Untracked 
| 177|0x000000008c700000, 0x000000008c700000, 0x000000008c800000|  0%| F|  |TAMS 0x000000008c700000, 0x000000008c700000| Untracked 
| 178|0x000000008c800000, 0x000000008c800000, 0x000000008c900000|  0%| F|  |TAMS 0x000000008c800000, 0x000000008c800000| Untracked 
| 179|0x000000008c900000, 0x000000008c900000, 0x000000008ca00000|  0%| F|  |TAMS 0x000000008c900000, 0x000000008c900000| Untracked 
| 180|0x000000008ca00000, 0x000000008ca00000, 0x000000008cb00000|  0%| F|  |TAMS 0x000000008ca00000, 0x000000008ca00000| Untracked 
| 181|0x000000008cb00000, 0x000000008cb00000, 0x000000008cc00000|  0%| F|  |TAMS 0x000000008cb00000, 0x000000008cb00000| Untracked 
| 182|0x000000008cc00000, 0x000000008cc00000, 0x000000008cd00000|  0%| F|  |TAMS 0x000000008cc00000, 0x000000008cc00000| Untracked 
| 183|0x000000008cd00000, 0x000000008cd00000, 0x000000008ce00000|  0%| F|  |TAMS 0x000000008cd00000, 0x000000008cd00000| Untracked 
| 184|0x000000008ce00000, 0x000000008ce00000, 0x000000008cf00000|  0%| F|  |TAMS 0x000000008ce00000, 0x000000008ce00000| Untracked 
| 185|0x000000008cf00000, 0x000000008cf00000, 0x000000008d000000|  0%| F|  |TAMS 0x000000008cf00000, 0x000000008cf00000| Untracked 
| 186|0x000000008d000000, 0x000000008d000000, 0x000000008d100000|  0%| F|  |TAMS 0x000000008d000000, 0x000000008d000000| Untracked 
| 187|0x000000008d100000, 0x000000008d100000, 0x000000008d200000|  0%| F|  |TAMS 0x000000008d100000, 0x000000008d100000| Untracked 
| 188|0x000000008d200000, 0x000000008d200000, 0x000000008d300000|  0%| F|  |TAMS 0x000000008d200000, 0x000000008d200000| Untracked 
| 189|0x000000008d300000, 0x000000008d300000, 0x000000008d400000|  0%| F|  |TAMS 0x000000008d300000, 0x000000008d300000| Untracked 
| 190|0x000000008d400000, 0x000000008d400000, 0x000000008d500000|  0%| F|  |TAMS 0x000000008d400000, 0x000000008d400000| Untracked 
| 191|0x000000008d500000, 0x000000008d500000, 0x000000008d600000|  0%| F|  |TAMS 0x000000008d500000, 0x000000008d500000| Untracked 
| 192|0x000000008d600000, 0x000000008d600000, 0x000000008d700000|  0%| F|  |TAMS 0x000000008d600000, 0x000000008d600000| Untracked 
| 193|0x000000008d700000, 0x000000008d700000, 0x000000008d800000|  0%| F|  |TAMS 0x000000008d700000, 0x000000008d700000| Untracked 
| 194|0x000000008d800000, 0x000000008d800000, 0x000000008d900000|  0%| F|  |TAMS 0x000000008d800000, 0x000000008d800000| Untracked 
| 195|0x000000008d900000, 0x000000008d900000, 0x000000008da00000|  0%| F|  |TAMS 0x000000008d900000, 0x000000008d900000| Untracked 
| 196|0x000000008da00000, 0x000000008da00000, 0x000000008db00000|  0%| F|  |TAMS 0x000000008da00000, 0x000000008da00000| Untracked 
| 197|0x000000008db00000, 0x000000008db00000, 0x000000008dc00000|  0%| F|  |TAMS 0x000000008db00000, 0x000000008db00000| Untracked 
| 198|0x000000008dc00000, 0x000000008dc00000, 0x000000008dd00000|  0%| F|  |TAMS 0x000000008dc00000, 0x000000008dc00000| Untracked 
| 199|0x000000008dd00000, 0x000000008dd00000, 0x000000008de00000|  0%| F|  |TAMS 0x000000008dd00000, 0x000000008dd00000| Untracked 
| 200|0x000000008de00000, 0x000000008de00000, 0x000000008df00000|  0%| F|  |TAMS 0x000000008de00000, 0x000000008de00000| Untracked 
| 201|0x000000008df00000, 0x000000008df00000, 0x000000008e000000|  0%| F|  |TAMS 0x000000008df00000, 0x000000008df00000| Untracked 
| 202|0x000000008e000000, 0x000000008e000000, 0x000000008e100000|  0%| F|  |TAMS 0x000000008e000000, 0x000000008e000000| Untracked 
| 203|0x000000008e100000, 0x000000008e100000, 0x000000008e200000|  0%| F|  |TAMS 0x000000008e100000, 0x000000008e100000| Untracked 
| 204|0x000000008e200000, 0x000000008e200000, 0x000000008e300000|  0%| F|  |TAMS 0x000000008e200000, 0x000000008e200000| Untracked 
| 205|0x000000008e300000, 0x000000008e300000, 0x000000008e400000|  0%| F|  |TAMS 0x000000008e300000, 0x000000008e300000| Untracked 
| 206|0x000000008e400000, 0x000000008e400000, 0x000000008e500000|  0%| F|  |TAMS 0x000000008e400000, 0x000000008e400000| Untracked 
| 207|0x000000008e500000, 0x000000008e500000, 0x000000008e600000|  0%| F|  |TAMS 0x000000008e500000, 0x000000008e500000| Untracked 
| 208|0x000000008e600000, 0x000000008e600000, 0x000000008e700000|  0%| F|  |TAMS 0x000000008e600000, 0x000000008e600000| Untracked 
| 209|0x000000008e700000, 0x000000008e700000, 0x000000008e800000|  0%| F|  |TAMS 0x000000008e700000, 0x000000008e700000| Untracked 
| 210|0x000000008e800000, 0x000000008e800000, 0x000000008e900000|  0%| F|  |TAMS 0x000000008e800000, 0x000000008e800000| Untracked 
| 211|0x000000008e900000, 0x000000008e900000, 0x000000008ea00000|  0%| F|  |TAMS 0x000000008e900000, 0x000000008e900000| Untracked 
| 212|0x000000008ea00000, 0x000000008ea00000, 0x000000008eb00000|  0%| F|  |TAMS 0x000000008ea00000, 0x000000008ea00000| Untracked 
| 213|0x000000008eb00000, 0x000000008eb00000, 0x000000008ec00000|  0%| F|  |TAMS 0x000000008eb00000, 0x000000008eb00000| Untracked 
| 214|0x000000008ec00000, 0x000000008ec00000, 0x000000008ed00000|  0%| F|  |TAMS 0x000000008ec00000, 0x000000008ec00000| Untracked 
| 215|0x000000008ed00000, 0x000000008ed00000, 0x000000008ee00000|  0%| F|  |TAMS 0x000000008ed00000, 0x000000008ed00000| Untracked 
| 216|0x000000008ee00000, 0x000000008ee00000, 0x000000008ef00000|  0%| F|  |TAMS 0x000000008ee00000, 0x000000008ee00000| Untracked 
| 217|0x000000008ef00000, 0x000000008ef00000, 0x000000008f000000|  0%| F|  |TAMS 0x000000008ef00000, 0x000000008ef00000| Untracked 
| 218|0x000000008f000000, 0x000000008f000000, 0x000000008f100000|  0%| F|  |TAMS 0x000000008f000000, 0x000000008f000000| Untracked 
| 219|0x000000008f100000, 0x000000008f100000, 0x000000008f200000|  0%| F|  |TAMS 0x000000008f100000, 0x000000008f100000| Untracked 
| 220|0x000000008f200000, 0x000000008f200000, 0x000000008f300000|  0%| F|  |TAMS 0x000000008f200000, 0x000000008f200000| Untracked 
| 221|0x000000008f300000, 0x000000008f300000, 0x000000008f400000|  0%| F|  |TAMS 0x000000008f300000, 0x000000008f300000| Untracked 
| 222|0x000000008f400000, 0x000000008f400000, 0x000000008f500000|  0%| F|  |TAMS 0x000000008f400000, 0x000000008f400000| Untracked 
| 223|0x000000008f500000, 0x000000008f500000, 0x000000008f600000|  0%| F|  |TAMS 0x000000008f500000, 0x000000008f500000| Untracked 
| 224|0x000000008f600000, 0x000000008f600000, 0x000000008f700000|  0%| F|  |TAMS 0x000000008f600000, 0x000000008f600000| Untracked 
| 225|0x000000008f700000, 0x000000008f700000, 0x000000008f800000|  0%| F|  |TAMS 0x000000008f700000, 0x000000008f700000| Untracked 
| 226|0x000000008f800000, 0x000000008f800000, 0x000000008f900000|  0%| F|  |TAMS 0x000000008f800000, 0x000000008f800000| Untracked 
| 227|0x000000008f900000, 0x000000008f900000, 0x000000008fa00000|  0%| F|  |TAMS 0x000000008f900000, 0x000000008f900000| Untracked 
| 228|0x000000008fa00000, 0x000000008fa00000, 0x000000008fb00000|  0%| F|  |TAMS 0x000000008fa00000, 0x000000008fa00000| Untracked 
| 229|0x000000008fb00000, 0x000000008fb00000, 0x000000008fc00000|  0%| F|  |TAMS 0x000000008fb00000, 0x000000008fb00000| Untracked 
| 230|0x000000008fc00000, 0x000000008fc00000, 0x000000008fd00000|  0%| F|  |TAMS 0x000000008fc00000, 0x000000008fc00000| Untracked 
| 231|0x000000008fd00000, 0x000000008fd00000, 0x000000008fe00000|  0%| F|  |TAMS 0x000000008fd00000, 0x000000008fd00000| Untracked 
| 232|0x000000008fe00000, 0x000000008fe00000, 0x000000008ff00000|  0%| F|  |TAMS 0x000000008fe00000, 0x000000008fe00000| Untracked 
| 233|0x000000008ff00000, 0x000000008ff00000, 0x0000000090000000|  0%| F|  |TAMS 0x000000008ff00000, 0x000000008ff00000| Untracked 
| 234|0x0000000090000000, 0x0000000090000000, 0x0000000090100000|  0%| F|  |TAMS 0x0000000090000000, 0x0000000090000000| Untracked 
| 235|0x0000000090100000, 0x0000000090100000, 0x0000000090200000|  0%| F|  |TAMS 0x0000000090100000, 0x0000000090100000| Untracked 
| 236|0x0000000090200000, 0x0000000090200000, 0x0000000090300000|  0%| F|  |TAMS 0x0000000090200000, 0x0000000090200000| Untracked 
| 237|0x0000000090300000, 0x0000000090300000, 0x0000000090400000|  0%| F|  |TAMS 0x0000000090300000, 0x0000000090300000| Untracked 
| 238|0x0000000090400000, 0x0000000090400000, 0x0000000090500000|  0%| F|  |TAMS 0x0000000090400000, 0x0000000090400000| Untracked 
| 239|0x0000000090500000, 0x0000000090500000, 0x0000000090600000|  0%| F|  |TAMS 0x0000000090500000, 0x0000000090500000| Untracked 
| 240|0x0000000090600000, 0x0000000090600000, 0x0000000090700000|  0%| F|  |TAMS 0x0000000090600000, 0x0000000090600000| Untracked 
| 241|0x0000000090700000, 0x0000000090700000, 0x0000000090800000|  0%| F|  |TAMS 0x0000000090700000, 0x0000000090700000| Untracked 
| 242|0x0000000090800000, 0x0000000090800000, 0x0000000090900000|  0%| F|  |TAMS 0x0000000090800000, 0x0000000090800000| Untracked 
| 243|0x0000000090900000, 0x0000000090900000, 0x0000000090a00000|  0%| F|  |TAMS 0x0000000090900000, 0x0000000090900000| Untracked 
| 244|0x0000000090a00000, 0x0000000090a00000, 0x0000000090b00000|  0%| F|  |TAMS 0x0000000090a00000, 0x0000000090a00000| Untracked 
| 245|0x0000000090b00000, 0x0000000090b00000, 0x0000000090c00000|  0%| F|  |TAMS 0x0000000090b00000, 0x0000000090b00000| Untracked 
| 246|0x0000000090c00000, 0x0000000090c00000, 0x0000000090d00000|  0%| F|  |TAMS 0x0000000090c00000, 0x0000000090c00000| Untracked 
| 247|0x0000000090d00000, 0x0000000090d00000, 0x0000000090e00000|  0%| F|  |TAMS 0x0000000090d00000, 0x0000000090d00000| Untracked 
| 248|0x0000000090e00000, 0x0000000090e00000, 0x0000000090f00000|  0%| F|  |TAMS 0x0000000090e00000, 0x0000000090e00000| Untracked 
| 249|0x0000000090f00000, 0x0000000090f00000, 0x0000000091000000|  0%| F|  |TAMS 0x0000000090f00000, 0x0000000090f00000| Untracked 
| 250|0x0000000091000000, 0x0000000091000000, 0x0000000091100000|  0%| F|  |TAMS 0x0000000091000000, 0x0000000091000000| Untracked 
| 251|0x0000000091100000, 0x0000000091100000, 0x0000000091200000|  0%| F|  |TAMS 0x0000000091100000, 0x0000000091100000| Untracked 
| 252|0x0000000091200000, 0x0000000091200000, 0x0000000091300000|  0%| F|  |TAMS 0x0000000091200000, 0x0000000091200000| Untracked 
| 253|0x0000000091300000, 0x0000000091300000, 0x0000000091400000|  0%| F|  |TAMS 0x0000000091300000, 0x0000000091300000| Untracked 
| 254|0x0000000091400000, 0x0000000091400000, 0x0000000091500000|  0%| F|  |TAMS 0x0000000091400000, 0x0000000091400000| Untracked 
| 255|0x0000000091500000, 0x0000000091500000, 0x0000000091600000|  0%| F|  |TAMS 0x0000000091500000, 0x0000000091500000| Untracked 
| 256|0x0000000091600000, 0x0000000091600000, 0x0000000091700000|  0%| F|  |TAMS 0x0000000091600000, 0x0000000091600000| Untracked 
| 257|0x0000000091700000, 0x0000000091700000, 0x0000000091800000|  0%| F|  |TAMS 0x0000000091700000, 0x0000000091700000| Untracked 
| 258|0x0000000091800000, 0x0000000091800000, 0x0000000091900000|  0%| F|  |TAMS 0x0000000091800000, 0x0000000091800000| Untracked 
| 259|0x0000000091900000, 0x0000000091900000, 0x0000000091a00000|  0%| F|  |TAMS 0x0000000091900000, 0x0000000091900000| Untracked 
| 260|0x0000000091a00000, 0x0000000091a00000, 0x0000000091b00000|  0%| F|  |TAMS 0x0000000091a00000, 0x0000000091a00000| Untracked 
| 261|0x0000000091b00000, 0x0000000091b00000, 0x0000000091c00000|  0%| F|  |TAMS 0x0000000091b00000, 0x0000000091b00000| Untracked 
| 262|0x0000000091c00000, 0x0000000091c00000, 0x0000000091d00000|  0%| F|  |TAMS 0x0000000091c00000, 0x0000000091c00000| Untracked 
| 263|0x0000000091d00000, 0x0000000091d00000, 0x0000000091e00000|  0%| F|  |TAMS 0x0000000091d00000, 0x0000000091d00000| Untracked 
| 264|0x0000000091e00000, 0x0000000091e00000, 0x0000000091f00000|  0%| F|  |TAMS 0x0000000091e00000, 0x0000000091e00000| Untracked 
| 265|0x0000000091f00000, 0x0000000091f00000, 0x0000000092000000|  0%| F|  |TAMS 0x0000000091f00000, 0x0000000091f00000| Untracked 
| 266|0x0000000092000000, 0x0000000092000000, 0x0000000092100000|  0%| F|  |TAMS 0x0000000092000000, 0x0000000092000000| Untracked 
| 267|0x0000000092100000, 0x0000000092100000, 0x0000000092200000|  0%| F|  |TAMS 0x0000000092100000, 0x0000000092100000| Untracked 
| 268|0x0000000092200000, 0x0000000092200000, 0x0000000092300000|  0%| F|  |TAMS 0x0000000092200000, 0x0000000092200000| Untracked 

Card table byte_map: [0x000001a9b5180000,0x000001a9b5580000] _byte_map_base: 0x000001a9b4d75000

Marking Bits (Prev, Next): (CMBitMap*) 0x000001a9a13f8be8, (CMBitMap*) 0x000001a9a13f8c20
 Prev Bits: [0x000001a9b5980000, 0x000001a9b7928000)
 Next Bits: [0x000001a9b7930000, 0x000001a9b98d8000)

Polling page: 0x000001a99faa0000

Metaspace:

Usage:
  Non-class:     17.62 MB capacity,    17.38 MB ( 99%) used,   199.70 KB (  1%) free+waste,    50.56 KB ( <1%) overhead. 
      Class:      2.08 MB capacity,     1.90 MB ( 91%) used,   164.44 KB (  8%) free+waste,    25.63 KB (  1%) overhead. 
       Both:     19.71 MB capacity,    19.28 MB ( 98%) used,   364.13 KB (  2%) free+waste,    76.19 KB ( <1%) overhead. 

Virtual space:
  Non-class space:       18.00 MB reserved,      17.75 MB ( 99%) committed 
      Class space:        1.00 GB reserved,       2.13 MB ( <1%) committed 
             Both:        1.02 GB reserved,      19.88 MB (  2%) committed 

Chunk freelists:
   Non-Class:  4.00 KB
       Class:  9.00 KB
        Both:  13.00 KB

CodeHeap 'non-profiled nmethods': size=120000Kb used=2421Kb max_used=2421Kb free=117579Kb
 bounds [0x000001a9acdf0000, 0x000001a9ad060000, 0x000001a9b4320000]
CodeHeap 'profiled nmethods': size=120000Kb used=6937Kb max_used=6937Kb free=113062Kb
 bounds [0x000001a9a58c0000, 0x000001a9a5f90000, 0x000001a9acdf0000]
CodeHeap 'non-nmethods': size=5760Kb used=1225Kb max_used=1272Kb free=4534Kb
 bounds [0x000001a9a5320000, 0x000001a9a5590000, 0x000001a9a58c0000]
 total_blobs=5062 nmethods=3380 adapters=508
 compilation: enabled
              stopped_count=0, restarted_count=0
 full_count=0

Compilation events (10 events):
Event: 22.269 Thread 0x000001a9bcbb0000 nmethod 3376 0x000001a9a5f7c390 code [0x000001a9a5f7c700, 0x000001a9a5f7df90]
Event: 22.269 Thread 0x000001a9bcbb0000 3378       3       javax.swing.text.FlowView$LogicalView::loadChildren (37 bytes)
Event: 22.269 Thread 0x000001a9bcbb0000 nmethod 3378 0x000001a9a5f7e990 code [0x000001a9a5f7ebc0, 0x000001a9a5f7f480]
Event: 22.274 Thread 0x000001a9bcbac000 3379       4       javax.swing.text.BoxView::layoutMinorAxis (102 bytes)
Event: 22.280 Thread 0x000001a9bcbb0000 3381       3       java.awt.datatransfer.DataFlavor::equals (162 bytes)
Event: 22.282 Thread 0x000001a9bcbb0000 nmethod 3381 0x000001a9a5f7f690 code [0x000001a9a5f7fbe0, 0x000001a9a5f82530]
Event: 22.282 Thread 0x000001a9bcbb0000 3382       3       javax.swing.JTextPane::replaceSelection (7 bytes)
Event: 22.282 Thread 0x000001a9bcbb0000 nmethod 3382 0x000001a9a5f83210 code [0x000001a9a5f833c0, 0x000001a9a5f83550]
Event: 22.282 Thread 0x000001a9bcbb0000 3383   !   3       javax.swing.JTextPane::replaceSelection (187 bytes)
Event: 22.283 Thread 0x000001a9bcbb0000 nmethod 3383 0x000001a9a5f83610 code [0x000001a9a5f839e0, 0x000001a9a5f85b30]

GC Heap History (10 events):
Event: 22.169 GC heap after
{Heap after GC invocations=23 (full 0):
 garbage-first heap   total 177152K, used 13509K [0x0000000081600000, 0x0000000100000000)
  region size 1024K, 1 young (1024K), 1 survivors (1024K)
 Metaspace       used 19721K, capacity 20115K, committed 20352K, reserved 1067008K
  class space    used 1944K, capacity 2135K, committed 2176K, reserved 1048576K
}
Event: 22.192 GC heap before
{Heap before GC invocations=23 (full 0):
 garbage-first heap   total 177152K, used 116933K [0x0000000081600000, 0x0000000100000000)
  region size 1024K, 103 young (105472K), 1 survivors (1024K)
 Metaspace       used 19723K, capacity 20115K, committed 20352K, reserved 1067008K
  class space    used 1944K, capacity 2135K, committed 2176K, reserved 1048576K
}
Event: 22.196 GC heap after
{Heap after GC invocations=24 (full 0):
 garbage-first heap   total 275456K, used 13508K [0x0000000081600000, 0x0000000100000000)
  region size 1024K, 1 young (1024K), 1 survivors (1024K)
 Metaspace       used 19723K, capacity 20115K, committed 20352K, reserved 1067008K
  class space    used 1944K, capacity 2135K, committed 2176K, reserved 1048576K
}
Event: 22.248 GC heap before
{Heap before GC invocations=24 (full 0):
 garbage-first heap   total 275456K, used 158916K [0x0000000081600000, 0x0000000100000000)
  region size 1024K, 144 young (147456K), 1 survivors (1024K)
 Metaspace       used 19723K, capacity 20115K, committed 20352K, reserved 1067008K
  class space    used 1944K, capacity 2135K, committed 2176K, reserved 1048576K
}
Event: 22.251 GC heap after
{Heap after GC invocations=25 (full 0):
 garbage-first heap   total 275456K, used 13562K [0x0000000081600000, 0x0000000100000000)
  region size 1024K, 1 young (1024K), 1 survivors (1024K)
 Metaspace       used 19723K, capacity 20115K, committed 20352K, reserved 1067008K
  class space    used 1944K, capacity 2135K, committed 2176K, reserved 1048576K
}
Event: 22.300 GC heap before
{Heap before GC invocations=25 (full 0):
 garbage-first heap   total 275456K, used 176378K [0x0000000081600000, 0x0000000100000000)
  region size 1024K, 161 young (164864K), 1 survivors (1024K)
 Metaspace       used 19738K, capacity 20179K, committed 20352K, reserved 1067008K
  class space    used 1944K, capacity 2135K, committed 2176K, reserved 1048576K
}
Event: 22.301 GC heap after
{Heap after GC invocations=26 (full 0):
 garbage-first heap   total 275456K, used 13659K [0x0000000081600000, 0x0000000100000000)
  region size 1024K, 1 young (1024K), 1 survivors (1024K)
 Metaspace       used 19738K, capacity 20179K, committed 20352K, reserved 1067008K
  class space    used 1944K, capacity 2135K, committed 2176K, reserved 1048576K
}
Event: 22.325 GC heap before
{Heap before GC invocations=26 (full 0):
 garbage-first heap   total 275456K, used 176475K [0x0000000081600000, 0x0000000100000000)
  region size 1024K, 161 young (164864K), 1 survivors (1024K)
 Metaspace       used 19738K, capacity 20179K, committed 20352K, reserved 1067008K
  class space    used 1944K, capacity 2135K, committed 2176K, reserved 1048576K
}
Event: 22.326 GC heap after
{Heap after GC invocations=27 (full 0):
 garbage-first heap   total 275456K, used 13754K [0x0000000081600000, 0x0000000100000000)
  region size 1024K, 1 young (1024K), 1 survivors (1024K)
 Metaspace       used 19738K, capacity 20179K, committed 20352K, reserved 1067008K
  class space    used 1944K, capacity 2135K, committed 2176K, reserved 1048576K
}
Event: 22.366 GC heap before
{Heap before GC invocations=27 (full 0):
 garbage-first heap   total 275456K, used 176570K [0x0000000081600000, 0x0000000100000000)
  region size 1024K, 161 young (164864K), 1 survivors (1024K)
 Metaspace       used 19738K, capacity 20179K, committed 20352K, reserved 1067008K
  class space    used 1944K, capacity 2135K, committed 2176K, reserved 1048576K
}

Deoptimization events (10 events):
Event: 22.273 Thread 0x000001a9bd379800 DEOPT PACKING pc=0x000001a9ad048030 sp=0x0000007fc09fcfa0
Event: 22.273 Thread 0x000001a9bd379800 DEOPT UNPACKING pc=0x000001a9a5348f2f sp=0x0000007fc09fcfc8 mode 2
Event: 22.274 Thread 0x000001a9bd379800 Uncommon trap: trap_request=0xffffffbe fr.pc=0x000001a9ad048030 relative=0x0000000000002d10
Event: 22.274 Thread 0x000001a9bd379800 Uncommon trap: reason=profile_predicate action=maybe_recompile pc=0x000001a9ad048030 method=javax.swing.text.BoxView.layoutMinorAxis(II[I[I)V @ 13 c2
Event: 22.274 Thread 0x000001a9bd379800 DEOPT PACKING pc=0x000001a9ad048030 sp=0x0000007fc09fcfa0
Event: 22.274 Thread 0x000001a9bd379800 DEOPT UNPACKING pc=0x000001a9a5348f2f sp=0x0000007fc09fcfc8 mode 2
Event: 22.274 Thread 0x000001a9bd379800 Uncommon trap: trap_request=0xffffffbe fr.pc=0x000001a9ad048030 relative=0x0000000000002d10
Event: 22.274 Thread 0x000001a9bd379800 Uncommon trap: reason=profile_predicate action=maybe_recompile pc=0x000001a9ad048030 method=javax.swing.text.BoxView.layoutMinorAxis(II[I[I)V @ 13 c2
Event: 22.274 Thread 0x000001a9bd379800 DEOPT PACKING pc=0x000001a9ad048030 sp=0x0000007fc09fcfa0
Event: 22.274 Thread 0x000001a9bd379800 DEOPT UNPACKING pc=0x000001a9a5348f2f sp=0x0000007fc09fcfc8 mode 2

Classes redefined (0 events):
No events

Internal exceptions (10 events):
Event: 0.490 Thread 0x000001a9bd379800 Exception <a 'java/lang/NoSuchMethodError'{0x0000000088de77c8}: 'void java.lang.invoke.DirectMethodHandle$Holder.invokeStaticInit(java.lang.Object)'> (0x0000000088de77c8) thrown at [c:/BuildAgent/work/5ff2f6c26000d570/src/hotspot/share/interpreter/linkRes
Event: 0.530 Thread 0x000001a9bd379800 Exception <a 'java/lang/NoSuchMethodError'{0x0000000088cfc6f0}: 'java.lang.Object java.lang.invoke.DirectMethodHandle$Holder.invokeStatic(java.lang.Object, java.lang.Object, java.lang.Object, java.lang.Object, java.lang.Object, java.lang.Object, java.lang
Event: 0.532 Thread 0x000001a9bd379800 Exception <a 'java/lang/NoSuchMethodError'{0x0000000088b1b058}: 'java.lang.Object java.lang.invoke.DirectMethodHandle$Holder.invokeStatic(java.lang.Object, java.lang.Object, java.lang.Object, java.lang.Object, java.lang.Object, java.lang.Object, java.lang
Event: 0.535 Thread 0x000001a9bd379800 Exception <a 'java/lang/NoSuchMethodError'{0x0000000088b3a298}: 'java.lang.Object java.lang.invoke.DirectMethodHandle$Holder.invokeStatic(java.lang.Object, java.lang.Object, java.lang.Object, java.lang.Object, java.lang.Object, java.lang.Object, java.lang
Event: 0.536 Thread 0x000001a9bd379800 Exception <a 'java/lang/NoSuchMethodError'{0x0000000088b464f0}: 'java.lang.Object java.lang.invoke.Invokers$Holder.linkToTargetMethod(java.lang.Object, int, java.lang.Object)'> (0x0000000088b464f0) thrown at [c:/BuildAgent/work/5ff2f6c26000d570/src/hotspo
Event: 0.568 Thread 0x000001a9bd379800 Exception <a 'java/lang/NoSuchMethodError'{0x0000000088a0b0e0}: 'java.lang.Object java.lang.invoke.DirectMethodHandle$Holder.invokeStatic(java.lang.Object, java.lang.Object, java.lang.Object, java.lang.Object, java.lang.Object, java.lang.Object, java.lang
Event: 5.255 Thread 0x000001a9bd379800 Implicit null exception at 0x000001a9acead4e3 to 0x000001a9aceae896
Event: 5.303 Thread 0x000001a9bd379800 Implicit null exception at 0x000001a9aceb17b7 to 0x000001a9aceb2b2a
Event: 8.179 Thread 0x000001a9bd379800 Implicit null exception at 0x000001a9acf0bf6f to 0x000001a9acf0c0ea
Event: 21.928 Thread 0x000001a9bd379800 Implicit null exception at 0x000001a9acfea5d0 to 0x000001a9acfec87a

Events (10 events):
Event: 22.169 Executing VM operation: G1CollectForAllocation done
Event: 22.192 Executing VM operation: G1CollectForAllocation
Event: 22.196 Executing VM operation: G1CollectForAllocation done
Event: 22.248 Executing VM operation: G1CollectForAllocation
Event: 22.251 Executing VM operation: G1CollectForAllocation done
Event: 22.300 Executing VM operation: G1CollectForAllocation
Event: 22.301 Executing VM operation: G1CollectForAllocation done
Event: 22.325 Executing VM operation: G1CollectForAllocation
Event: 22.326 Executing VM operation: G1CollectForAllocation done
Event: 22.366 Executing VM operation: G1CollectForAllocation


Dynamic libraries:
0x00007ff6bcda0000 - 0x00007ff6bcde7000 	C:\Program Files\JetBrains\IntelliJ IDEA Community Edition 2019.2.2\jbr\bin\java.exe
0x00007fffcf420000 - 0x00007fffcf610000 	C:\WINDOWS\SYSTEM32\ntdll.dll
0x00007fffcf280000 - 0x00007fffcf332000 	C:\WINDOWS\System32\KERNEL32.DLL
0x00007fffcd0c0000 - 0x00007fffcd363000 	C:\WINDOWS\System32\KERNELBASE.dll
0x00007fffcdc50000 - 0x00007fffcdde4000 	C:\WINDOWS\System32\USER32.dll
0x00007fffccef0000 - 0x00007fffccf11000 	C:\WINDOWS\System32\win32u.dll
0x00007fffcdc20000 - 0x00007fffcdc46000 	C:\WINDOWS\System32\GDI32.dll
0x00007fffccf20000 - 0x00007fffcd0b4000 	C:\WINDOWS\System32\gdi32full.dll
0x00007fffcc3b0000 - 0x00007fffcc44e000 	C:\WINDOWS\System32\msvcp_win.dll
0x00007fffccdc0000 - 0x00007fffcceba000 	C:\WINDOWS\System32\ucrtbase.dll
0x00007fffba590000 - 0x00007fffba815000 	C:\WINDOWS\WinSxS\amd64_microsoft.windows.common-controls_6595b64144ccf1df_6.0.18362.592_none_e6c0b1911312be02\COMCTL32.dll
0x00007fffce810000 - 0x00007fffce8ae000 	C:\WINDOWS\System32\msvcrt.dll
0x00007fffceaa0000 - 0x00007fffcedd6000 	C:\WINDOWS\System32\combase.dll
0x00007fffcddf0000 - 0x00007fffcdf10000 	C:\WINDOWS\System32\RPCRT4.dll
0x00007fffccbd0000 - 0x00007fffccc50000 	C:\WINDOWS\System32\bcryptPrimitives.dll
0x00007fffce9a0000 - 0x00007fffce9ce000 	C:\WINDOWS\System32\IMM32.DLL
0x00007fffc6c80000 - 0x00007fffc6c97000 	C:\Program Files\JetBrains\IntelliJ IDEA Community Edition 2019.2.2\jbr\bin\vcruntime140.dll
0x00007fffc6be0000 - 0x00007fffc6c7d000 	C:\Program Files\JetBrains\IntelliJ IDEA Community Edition 2019.2.2\jbr\bin\msvcp140.dll
0x00007fff809b0000 - 0x00007fff81468000 	C:\Program Files\JetBrains\IntelliJ IDEA Community Edition 2019.2.2\jbr\bin\server\jvm.dll
0x00007fffcf150000 - 0x00007fffcf1f3000 	C:\WINDOWS\System32\ADVAPI32.dll
0x00007fffcdf10000 - 0x00007fffcdfa7000 	C:\WINDOWS\System32\sechost.dll
0x00007fffce990000 - 0x00007fffce998000 	C:\WINDOWS\System32\PSAPI.DLL
0x00007fff9e0b0000 - 0x00007fff9e0b9000 	C:\WINDOWS\SYSTEM32\WSOCK32.dll
0x00007fffc49f0000 - 0x00007fffc49fa000 	C:\WINDOWS\SYSTEM32\VERSION.dll
0x00007fffc9b90000 - 0x00007fffc9bb4000 	C:\WINDOWS\SYSTEM32\WINMM.dll
0x00007fffce7a0000 - 0x00007fffce80f000 	C:\WINDOWS\System32\WS2_32.dll
0x00007fffc9b60000 - 0x00007fffc9b8d000 	C:\WINDOWS\SYSTEM32\winmmbase.dll
0x00007fffcd480000 - 0x00007fffcd4ca000 	C:\WINDOWS\System32\cfgmgr32.dll
0x00007fffcc390000 - 0x00007fffcc3a1000 	C:\WINDOWS\System32\kernel.appcore.dll
0x00007fff9e090000 - 0x00007fff9e0a1000 	C:\Program Files\JetBrains\IntelliJ IDEA Community Edition 2019.2.2\jbr\bin\verify.dll
0x00007fffbf970000 - 0x00007fffbfb64000 	C:\WINDOWS\SYSTEM32\DBGHELP.DLL
0x00007fffb1d60000 - 0x00007fffb1d8a000 	C:\WINDOWS\SYSTEM32\dbgcore.DLL
0x00007fff9e060000 - 0x00007fff9e089000 	C:\Program Files\JetBrains\IntelliJ IDEA Community Edition 2019.2.2\jbr\bin\java.dll
0x00007fffbd920000 - 0x00007fffbd954000 	C:\Program Files\JetBrains\IntelliJ IDEA Community Edition 2019.2.2\jbr\bin\instrument.dll
0x00007fff80990000 - 0x00007fff809a7000 	C:\Program Files\JetBrains\IntelliJ IDEA Community Edition 2019.2.2\jbr\bin\zip.dll
0x00007fff80980000 - 0x00007fff8098b000 	C:\Program Files\JetBrains\IntelliJ IDEA Community Edition 2019.2.2\jbr\bin\jimage.dll
0x00007fffcd4d0000 - 0x00007fffcdbb5000 	C:\WINDOWS\System32\SHELL32.dll
0x00007fffcf040000 - 0x00007fffcf0e9000 	C:\WINDOWS\System32\shcore.dll
0x00007fffcc450000 - 0x00007fffccbcf000 	C:\WINDOWS\System32\windows.storage.dll
0x00007fffcc370000 - 0x00007fffcc38f000 	C:\WINDOWS\System32\profapi.dll
0x00007fffcc320000 - 0x00007fffcc36a000 	C:\WINDOWS\System32\powrprof.dll
0x00007fffcc2f0000 - 0x00007fffcc300000 	C:\WINDOWS\System32\UMPDC.dll
0x00007fffcdfb0000 - 0x00007fffce002000 	C:\WINDOWS\System32\shlwapi.dll
0x00007fffccc50000 - 0x00007fffccc67000 	C:\WINDOWS\System32\cryptsp.dll
0x00007fff80960000 - 0x00007fff8097a000 	C:\Program Files\JetBrains\IntelliJ IDEA Community Edition 2019.2.2\jbr\bin\net.dll
0x00007fffbbf30000 - 0x00007fffbc020000 	C:\WINDOWS\SYSTEM32\WINHTTP.dll
0x00007fffbf6b0000 - 0x00007fffbf886000 	C:\WINDOWS\SYSTEM32\urlmon.dll
0x00007fffbf400000 - 0x00007fffbf6a6000 	C:\WINDOWS\SYSTEM32\iertutil.dll
0x00007fffcbd30000 - 0x00007fffcbd3c000 	C:\WINDOWS\SYSTEM32\CRYPTBASE.DLL
0x00007fffcbb60000 - 0x00007fffcbbc7000 	C:\WINDOWS\system32\mswsock.dll
0x00007fff80940000 - 0x00007fff80954000 	C:\Program Files\JetBrains\IntelliJ IDEA Community Edition 2019.2.2\jbr\bin\nio.dll
0x00007fffc4f80000 - 0x00007fffc4f9a000 	C:\Program Files\JetBrains\IntelliJ IDEA Community Edition 2019.2.2\bin\breakgen64.dll
0x00007fff80730000 - 0x00007fff808d1000 	C:\Program Files\JetBrains\IntelliJ IDEA Community Edition 2019.2.2\jbr\bin\awt.dll
0x00007fffce9d0000 - 0x00007fffcea94000 	C:\WINDOWS\System32\OLEAUT32.dll
0x00007fffca810000 - 0x00007fffca83d000 	C:\WINDOWS\SYSTEM32\dwmapi.dll
0x00007fffc8d00000 - 0x00007fffc92c0000 	C:\WINDOWS\SYSTEM32\d2d1.dll
0x00007fffca210000 - 0x00007fffca29f000 	C:\WINDOWS\SYSTEM32\apphelp.dll
0x00007fffca3f0000 - 0x00007fffca489000 	C:\WINDOWS\system32\uxtheme.dll
0x00007fffce090000 - 0x00007fffce1c5000 	C:\WINDOWS\System32\MSCTF.dll
0x00007fffce1d0000 - 0x00007fffce326000 	C:\WINDOWS\System32\ole32.dll
0x00007fffb4270000 - 0x00007fffb43c6000 	C:\WINDOWS\system32\opengl32.dll
0x00007fffb4f20000 - 0x00007fffb4f4c000 	C:\WINDOWS\SYSTEM32\GLU32.dll
0x00007fffcaf60000 - 0x00007fffcaf80000 	C:\WINDOWS\SYSTEM32\dxcore.dll
0x00007fffa1a20000 - 0x00007fffa1aa2000 	C:\Program Files\JetBrains\IntelliJ IDEA Community Edition 2019.2.2\jbr\bin\freetype.dll
0x00007fffa1970000 - 0x00007fffa1a18000 	C:\Program Files\JetBrains\IntelliJ IDEA Community Edition 2019.2.2\jbr\bin\fontmanager.dll
0x00007fffcede0000 - 0x00007fffcee82000 	C:\WINDOWS\System32\clbcatq.dll
0x00007fffc7100000 - 0x00007fffc72af000 	C:\WINDOWS\SYSTEM32\WindowsCodecs.dll
0x00007ffface50000 - 0x00007ffface8a000 	C:\WINDOWS\system32\dataexchange.dll
0x00007fffc92c0000 - 0x00007fffc951b000 	C:\WINDOWS\system32\d3d11.dll
0x00007fffc9980000 - 0x00007fffc9b5b000 	C:\WINDOWS\system32\dcomp.dll
0x00007fffcaff0000 - 0x00007fffcb0db000 	C:\WINDOWS\system32\dxgi.dll
0x00007fffca4c0000 - 0x00007fffca71a000 	C:\WINDOWS\system32\twinapi.appcore.dll
0x00007fffca920000 - 0x00007fffca949000 	C:\WINDOWS\system32\RMCLIENT.dll
0x00007fffb89c0000 - 0x00007fffb8a5e000 	C:\WINDOWS\System32\TextInputFramework.dll
0x00007fffc72b0000 - 0x00007fffc75da000 	C:\WINDOWS\System32\CoreUIComponents.dll
0x00007fffc9bc0000 - 0x00007fffc9c94000 	C:\WINDOWS\System32\CoreMessaging.dll
0x00007fffcb350000 - 0x00007fffcb381000 	C:\WINDOWS\SYSTEM32\ntmarta.dll
0x00007fffc7d50000 - 0x00007fffc7ea3000 	C:\WINDOWS\SYSTEM32\wintypes.dll

dbghelp: loaded successfully - version: 4.0.5 - missing functions: none
symbol engine: initialized successfully - sym options: 0x614 - pdb path: .;C:\Program Files\JetBrains\IntelliJ IDEA Community Edition 2019.2.2\jbr\bin;C:\WINDOWS\SYSTEM32;C:\WINDOWS\WinSxS\amd64_microsoft.windows.common-controls_6595b64144ccf1df_6.0.18362.592_none_e6c0b1911312be02;C:\Program Files\JetBrains\IntelliJ IDEA Community Edition 2019.2.2\jbr\bin\server;C:\Program Files\JetBrains\IntelliJ IDEA Community Edition 2019.2.2\bin

VM Arguments:
jvm_args: -javaagent:C:\Program Files\JetBrains\IntelliJ IDEA Community Edition 2019.2.2\lib\idea_rt.jar=49580:C:\Program Files\JetBrains\IntelliJ IDEA Community Edition 2019.2.2\bin -Dfile.encoding=UTF-8 
java_command: MainKt
java_class_path (initial): C:\Users\enter\IdeaProjects\NekoIDE\out\production\NekoIDE;C:\Users\enter\.IdeaIC2019.2\config\plugins\Kotlin\kotlinc\lib\kotlin-stdlib.jar;C:\Users\enter\.IdeaIC2019.2\config\plugins\Kotlin\kotlinc\lib\kotlin-reflect.jar;C:\Users\enter\.IdeaIC2019.2\config\plugins\Kotlin\kotlinc\lib\kotlin-test.jar;C:\Users\enter\.IdeaIC2019.2\config\plugins\Kotlin\kotlinc\lib\kotlin-stdlib-jdk7.jar;C:\Users\enter\.IdeaIC2019.2\config\plugins\Kotlin\kotlinc\lib\kotlin-stdlib-jdk8.jar
Launcher Type: SUN_STANDARD

[Global flags]
     intx CICompilerCount                          = 4                                         {product} {ergonomic}
     uint ConcGCThreads                            = 2                                         {product} {ergonomic}
     uint G1ConcRefinementThreads                  = 8                                         {product} {ergonomic}
   size_t G1HeapRegionSize                         = 1048576                                   {product} {ergonomic}
    uintx GCDrainStackTargetSize                   = 64                                        {product} {ergonomic}
   size_t InitialHeapSize                          = 134217728                                 {product} {ergonomic}
   size_t MarkStackSize                            = 4194304                                   {product} {ergonomic}
   size_t MaxHeapSize                              = 2124414976                                {product} {ergonomic}
   size_t MaxNewSize                               = 1274019840                                {product} {ergonomic}
   size_t MinHeapDeltaBytes                        = 1048576                                   {product} {ergonomic}
    uintx NonNMethodCodeHeapSize                   = 5835340                                {pd product} {ergonomic}
    uintx NonProfiledCodeHeapSize                  = 122911450                              {pd product} {ergonomic}
    uintx ProfiledCodeHeapSize                     = 122911450                              {pd product} {ergonomic}
    uintx ReservedCodeCacheSize                    = 251658240                              {pd product} {ergonomic}
     bool SegmentedCodeCache                       = true                                      {product} {ergonomic}
     bool UseCompressedClassPointers               = true                                 {lp64_product} {ergonomic}
     bool UseCompressedOops                        = true                                 {lp64_product} {ergonomic}
     bool UseG1GC                                  = true                                      {product} {ergonomic}
     bool UseLargePagesIndividualAllocation        = false                                  {pd product} {ergonomic}

Logging:
Log output configuration:
 #0: stdout all=warning uptime,level,tags
 #1: stderr all=off uptime,level,tags

Environment Variables:
PATH=C:\ProgramData\Oracle\Java\javapath;C:\WINDOWS\system32;C:\WINDOWS;C:\WINDOWS\System32\Wbem;C:\WINDOWS\System32\WindowsPowerShell\v1.0\;C:\Program Files\dotnet\;C:\WINDOWS\System32\OpenSSH\;C:\Program Files\Git\cmd;C:\Users\enter\AppData\Local\Microsoft\WindowsApps;;C:\Users\enter\AppData\Local\Programs\Microsoft VS Code\bin;C:\Program Files\JetBrains\PyCharm Community Edition 2019.2\bin;
USERNAME=enter
OS=Windows_NT
PROCESSOR_IDENTIFIER=Intel64 Family 6 Model 142 Stepping 10, GenuineIntel



---------------  S Y S T E M  ---------------

OS: Windows 10 , 64 bit Build 18362 (10.0.18362.329)

CPU:total 8 (initial active 8) (4 cores per cpu, 2 threads per core) family 6 model 142 stepping 10, cmov, cx8, fxsr, mmx, sse, sse2, sse3, ssse3, sse4.1, sse4.2, popcnt, avx, avx2, aes, clmul, erms, 3dnowpref, lzcnt, ht, tsc, tscinvbit, bmi1, bmi2, adx, fma

Memory: 4k page, system-wide physical 8101M (881M free)
TotalPageFile size 12197M (AvailPageFile size 0M)
current process WorkingSet (physical memory assigned to process): 342M, peak: 342M
current process commit charge ("private bytes"): 411M, peak: 631M

vm_info: OpenJDK 64-Bit Server VM (11.0.4+10-b304.77) for windows-amd64 JRE (11.0.4+10-b304.77), built on Oct 10 2019 15:02:36 by "" with MS VC++ 14.0 (VS2015)

END.
